
[[[接口调用]]]
[1/26/2018 11:57:59 AM]
[线程：31]
    URL：https://api.weixin.qq.com/cgi-bin/token?grant_type=client_credential&appid=wxe273c3a02e09ff8c&secret=idonttellyou
    Result：
{"access_token":"6_p6UFY9TIfzPB2Mw1Fga08nPQ_oomrMykWSsrpADWTSWPJuas_yweyiH8Bu6a78b6yUZtd2YgpQRZ0Mn1DEzPUX8bAvWqPNq_ahQu0O9A8Ga7dmAxCouOAK4F22o2MXGdelQVXHhKe8rJSr1qJDVhAGAMGY","expires_in":7200}

[[[接口调用]]]
[1/26/2018 11:57:59 AM]
[线程：31]
    URL：https://api.weixin.qq.com/cgi-bin/message/custom/send?access_token=6_p6UFY9TIfzPB2Mw1Fga08nPQ_oomrMykWSsrpADWTSWPJuas_yweyiH8Bu6a78b6yUZtd2YgpQRZ0Mn1DEzPUX8bAvWqPNq_ahQu0O9A8Ga7dmAxCouOAK4F22o2MXGdelQVXHhKe8rJSr1qJDVhAGAMGY
    Post Data：
{"touser":"oxRg0uLsnpHjb8o93uVnwMK_WAVw","msgtype":"text","text":{"content":"这是一条默认的文本请求回复信息\r\n您输入了文字：你好123\r\n【盛派网络】\r\n\r\n - 这条消息来自客服接口"}}

[[[接口调用]]]
[1/26/2018 11:57:59 AM]
[线程：31]
    URL：https://api.weixin.qq.com/cgi-bin/message/custom/send?access_token=6_p6UFY9TIfzPB2Mw1Fga08nPQ_oomrMykWSsrpADWTSWPJuas_yweyiH8Bu6a78b6yUZtd2YgpQRZ0Mn1DEzPUX8bAvWqPNq_ahQu0O9A8Ga7dmAxCouOAK4F22o2MXGdelQVXHhKe8rJSr1qJDVhAGAMGY
    Result：
{"errcode":0,"errmsg":"ok"}

[[[接口调用]]]
[1/26/2018 11:58:03 AM]
[线程：35]
    URL：https://api.weixin.qq.com/cgi-bin/message/custom/send?access_token=6_p6UFY9TIfzPB2Mw1Fga08nPQ_oomrMykWSsrpADWTSWPJuas_yweyiH8Bu6a78b6yUZtd2YgpQRZ0Mn1DEzPUX8bAvWqPNq_ahQu0O9A8Ga7dmAxCouOAK4F22o2MXGdelQVXHhKe8rJSr1qJDVhAGAMGY
    Post Data：
{"touser":"oxRg0uLsnpHjb8o93uVnwMK_WAVw","msgtype":"text","text":{"content":"这是一条默认的文本请求回复信息\r\n您输入了文字：你好456\r\n【盛派网络】\r\n\r\n - 这条消息来自客服接口"}}

[[[接口调用]]]
[1/26/2018 11:58:03 AM]
[线程：35]
    URL：https://api.weixin.qq.com/cgi-bin/message/custom/send?access_token=6_p6UFY9TIfzPB2Mw1Fga08nPQ_oomrMykWSsrpADWTSWPJuas_yweyiH8Bu6a78b6yUZtd2YgpQRZ0Mn1DEzPUX8bAvWqPNq_ahQu0O9A8Ga7dmAxCouOAK4F22o2MXGdelQVXHhKe8rJSr1qJDVhAGAMGY
    Result：
{"errcode":0,"errmsg":"ok"}

[[[接口调用]]]
[1/26/2018 12:01:01 PM]
[线程：39]
    URL：https://api.weixin.qq.com/cgi-bin/token?grant_type=client_credential&appid=wxe273c3a02e09ff8c&secret=idonttellyou
    Result：
{"access_token":"6_dNRtMAdp0bg2bJwgaZvSq6SLgQNpTGV1dUNu2-cL_A5ZEplSqUbPDFvBMlAEiGl8Fz7J3lDQvNTm-1hfzo4wV8udghbYvlIE5qX5WSWy6qwyCI1zzv3nIFhZoiQZGbx0pJRl-arEQ6pIeDSFJWOhAGAPCU","expires_in":7200}

[[[接口调用]]]
[1/26/2018 12:01:01 PM]
[线程：39]
    URL：https://api.weixin.qq.com/cgi-bin/message/custom/send?access_token=6_dNRtMAdp0bg2bJwgaZvSq6SLgQNpTGV1dUNu2-cL_A5ZEplSqUbPDFvBMlAEiGl8Fz7J3lDQvNTm-1hfzo4wV8udghbYvlIE5qX5WSWy6qwyCI1zzv3nIFhZoiQZGbx0pJRl-arEQ6pIeDSFJWOhAGAPCU
    Post Data：
{"touser":"oxRg0uLsnpHjb8o93uVnwMK_WAVw","msgtype":"text","text":{"content":"这是一条默认的文本请求回复信息\r\n您输入了文字：你好123\r\n【盛派网络】\r\n\r\n - 这条消息来自客服接口"}}

[[[接口调用]]]
[1/26/2018 12:01:02 PM]
[线程：39]
    URL：https://api.weixin.qq.com/cgi-bin/message/custom/send?access_token=6_dNRtMAdp0bg2bJwgaZvSq6SLgQNpTGV1dUNu2-cL_A5ZEplSqUbPDFvBMlAEiGl8Fz7J3lDQvNTm-1hfzo4wV8udghbYvlIE5qX5WSWy6qwyCI1zzv3nIFhZoiQZGbx0pJRl-arEQ6pIeDSFJWOhAGAPCU
    Result：
{"errcode":0,"errmsg":"ok"}

[[[接口调用]]]
[1/26/2018 12:01:29 PM]
[线程：31]
    URL：https://api.weixin.qq.com/cgi-bin/message/custom/send?access_token=6_dNRtMAdp0bg2bJwgaZvSq6SLgQNpTGV1dUNu2-cL_A5ZEplSqUbPDFvBMlAEiGl8Fz7J3lDQvNTm-1hfzo4wV8udghbYvlIE5qX5WSWy6qwyCI1zzv3nIFhZoiQZGbx0pJRl-arEQ6pIeDSFJWOhAGAPCU
    Post Data：
{"touser":"oxRg0uLsnpHjb8o93uVnwMK_WAVw","msgtype":"text","text":{"content":"你马上要收到一条文字消息。<a href=\"https://weixin.senparc.com\">点击这里打开SDK官网</a>\r\n这里已经换了一行\r\n这里又换了一行"}}

[[[接口调用]]]
[1/26/2018 12:01:29 PM]
[线程：31]
    URL：https://api.weixin.qq.com/cgi-bin/message/custom/send?access_token=6_dNRtMAdp0bg2bJwgaZvSq6SLgQNpTGV1dUNu2-cL_A5ZEplSqUbPDFvBMlAEiGl8Fz7J3lDQvNTm-1hfzo4wV8udghbYvlIE5qX5WSWy6qwyCI1zzv3nIFhZoiQZGbx0pJRl-arEQ6pIeDSFJWOhAGAPCU
    Result：
{"errcode":0,"errmsg":"ok"}

[[[接口调用]]]
[1/26/2018 12:01:34 PM]
[线程：31]
    URL：https://api.weixin.qq.com/cgi-bin/message/custom/send?access_token=6_dNRtMAdp0bg2bJwgaZvSq6SLgQNpTGV1dUNu2-cL_A5ZEplSqUbPDFvBMlAEiGl8Fz7J3lDQvNTm-1hfzo4wV8udghbYvlIE5qX5WSWy6qwyCI1zzv3nIFhZoiQZGbx0pJRl-arEQ6pIeDSFJWOhAGAPCU
    Post Data：
{"touser":"oxRg0uLsnpHjb8o93uVnwMK_WAVw","msgtype":"text","text":{"content":"您在OnTextOrEventRequest消息中执行到了特定条件。当前关键字：123\r\n【盛派网络】\r\n\r\n - 这条消息来自客服接口"}}

[[[接口调用]]]
[1/26/2018 12:01:35 PM]
[线程：31]
    URL：https://api.weixin.qq.com/cgi-bin/message/custom/send?access_token=6_dNRtMAdp0bg2bJwgaZvSq6SLgQNpTGV1dUNu2-cL_A5ZEplSqUbPDFvBMlAEiGl8Fz7J3lDQvNTm-1hfzo4wV8udghbYvlIE5qX5WSWy6qwyCI1zzv3nIFhZoiQZGbx0pJRl-arEQ6pIeDSFJWOhAGAPCU
    Result：
{"errcode":0,"errmsg":"ok"}

[[[接口调用]]]
[1/26/2018 12:15:47 PM]
[线程：51]
    URL：https://api.weixin.qq.com/cgi-bin/token?grant_type=client_credential&appid=wxe273c3a02e09ff8c&secret=idonttellyou
    Result：
{"access_token":"6_sN6vg5zEf8tNGRkSfMT1Wp7ivbj9572b8upw-C099cQ7g1TmSsBnA4_ah-I0AOKkC0Zgx3AQh6qxgD7zSojhZIGDRuSD1THpebjz9pgyjjh7iBP6Jlon5ZF7HxWtwqfwWtNMvppaCKjAXSFtBZAhAJANLM","expires_in":7200}

[[[接口调用]]]
[1/26/2018 12:15:47 PM]
[线程：51]
    URL：https://api.weixin.qq.com/cgi-bin/message/custom/send?access_token=6_sN6vg5zEf8tNGRkSfMT1Wp7ivbj9572b8upw-C099cQ7g1TmSsBnA4_ah-I0AOKkC0Zgx3AQh6qxgD7zSojhZIGDRuSD1THpebjz9pgyjjh7iBP6Jlon5ZF7HxWtwqfwWtNMvppaCKjAXSFtBZAhAJANLM
    Post Data：
{"touser":"oxRg0uLsnpHjb8o93uVnwMK_WAVw","msgtype":"text","text":{"content":"这是一条默认的文本请求回复信息\r\n您输入了文字：你好123\r\n【盛派网络】\r\n\r\n - 这条消息来自客服接口-2"}}

[[[接口调用]]]
[1/26/2018 12:15:48 PM]
[线程：51]
    URL：https://api.weixin.qq.com/cgi-bin/message/custom/send?access_token=6_sN6vg5zEf8tNGRkSfMT1Wp7ivbj9572b8upw-C099cQ7g1TmSsBnA4_ah-I0AOKkC0Zgx3AQh6qxgD7zSojhZIGDRuSD1THpebjz9pgyjjh7iBP6Jlon5ZF7HxWtwqfwWtNMvppaCKjAXSFtBZAhAJANLM
    Result：
{"errcode":0,"errmsg":"ok"}

[[[接口调用]]]
[1/26/2018 12:15:48 PM]
[线程：51]
    URL：https://api.weixin.qq.com/cgi-bin/message/custom/send?access_token=6_sN6vg5zEf8tNGRkSfMT1Wp7ivbj9572b8upw-C099cQ7g1TmSsBnA4_ah-I0AOKkC0Zgx3AQh6qxgD7zSojhZIGDRuSD1THpebjz9pgyjjh7iBP6Jlon5ZF7HxWtwqfwWtNMvppaCKjAXSFtBZAhAJANLM
    Post Data：
{"touser":"oxRg0uLsnpHjb8o93uVnwMK_WAVw","msgtype":"text","text":{"content":"这是一条默认的文本请求回复信息\r\n您输入了文字：你好123\r\n【盛派网络】\r\n\r\n - 这条消息来自客服接口-2\r\n\r\n - 这条消息来自客服接口-1"}}

[[[接口调用]]]
[1/26/2018 12:15:48 PM]
[线程：51]
    URL：https://api.weixin.qq.com/cgi-bin/message/custom/send?access_token=6_sN6vg5zEf8tNGRkSfMT1Wp7ivbj9572b8upw-C099cQ7g1TmSsBnA4_ah-I0AOKkC0Zgx3AQh6qxgD7zSojhZIGDRuSD1THpebjz9pgyjjh7iBP6Jlon5ZF7HxWtwqfwWtNMvppaCKjAXSFtBZAhAJANLM
    Result：
{"errcode":0,"errmsg":"ok"}

[[[接口调用]]]
[1/26/2018 12:16:44 PM]
[线程：51]
    URL：https://api.weixin.qq.com/cgi-bin/message/custom/send?access_token=6_sN6vg5zEf8tNGRkSfMT1Wp7ivbj9572b8upw-C099cQ7g1TmSsBnA4_ah-I0AOKkC0Zgx3AQh6qxgD7zSojhZIGDRuSD1THpebjz9pgyjjh7iBP6Jlon5ZF7HxWtwqfwWtNMvppaCKjAXSFtBZAhAJANLM
    Post Data：
{"touser":"oxRg0uLsnpHjb8o93uVnwMK_WAVw","msgtype":"text","text":{"content":"这是一条默认的文本请求回复信息\r\n您输入了文字：你好456\r\n【盛派网络】\r\n\r\n - 这条消息来自客服接口-2"}}

[[[接口调用]]]
[1/26/2018 12:16:45 PM]
[线程：51]
    URL：https://api.weixin.qq.com/cgi-bin/message/custom/send?access_token=6_sN6vg5zEf8tNGRkSfMT1Wp7ivbj9572b8upw-C099cQ7g1TmSsBnA4_ah-I0AOKkC0Zgx3AQh6qxgD7zSojhZIGDRuSD1THpebjz9pgyjjh7iBP6Jlon5ZF7HxWtwqfwWtNMvppaCKjAXSFtBZAhAJANLM
    Result：
{"errcode":0,"errmsg":"ok"}

[[[接口调用]]]
[1/26/2018 12:16:45 PM]
[线程：51]
    URL：https://api.weixin.qq.com/cgi-bin/message/custom/send?access_token=6_sN6vg5zEf8tNGRkSfMT1Wp7ivbj9572b8upw-C099cQ7g1TmSsBnA4_ah-I0AOKkC0Zgx3AQh6qxgD7zSojhZIGDRuSD1THpebjz9pgyjjh7iBP6Jlon5ZF7HxWtwqfwWtNMvppaCKjAXSFtBZAhAJANLM
    Post Data：
{"touser":"oxRg0uLsnpHjb8o93uVnwMK_WAVw","msgtype":"text","text":{"content":"这是一条默认的文本请求回复信息\r\n您输入了文字：你好456\r\n【盛派网络】\r\n\r\n - 这条消息来自客服接口-2\r\n\r\n - 这条消息来自客服接口-1"}}

[[[接口调用]]]
[1/26/2018 12:16:45 PM]
[线程：51]
    URL：https://api.weixin.qq.com/cgi-bin/message/custom/send?access_token=6_sN6vg5zEf8tNGRkSfMT1Wp7ivbj9572b8upw-C099cQ7g1TmSsBnA4_ah-I0AOKkC0Zgx3AQh6qxgD7zSojhZIGDRuSD1THpebjz9pgyjjh7iBP6Jlon5ZF7HxWtwqfwWtNMvppaCKjAXSFtBZAhAJANLM
    Result：
{"errcode":0,"errmsg":"ok"}

[[[接口调用]]]
[1/26/2018 12:43:35 PM]
[线程：66]
    URL：https://api.weixin.qq.com/cgi-bin/user/info?access_token=6_sN6vg5zEf8tNGRkSfMT1Wp7ivbj9572b8upw-C099cQ7g1TmSsBnA4_ah-I0AOKkC0Zgx3AQh6qxgD7zSojhZIGDRuSD1THpebjz9pgyjjh7iBP6Jlon5ZF7HxWtwqfwWtNMvppaCKjAXSFtBZAhAJANLM&openid=oxRg0uEXhfAdiz_JKLBYlgW9MgEM&lang=zh_CN
    Result：
{"subscribe":1,"openid":"oxRg0uEXhfAdiz_JKLBYlgW9MgEM","nickname":"闪烁","sex":1,"language":"zh_CN","city":"","province":"","country":"朝鲜","headimgurl":"http:\/\/wx.qlogo.cn\/mmopen\/1o4vCG8RfXfvcyaUusQAgvK7O3F1CnuUrrIOgBQbfRLoXM73W9riarbM03anYxU40BBRPUP7sKmibj2ibFrhp0SWWJ5rCdH5YSN\/132","subscribe_time":1516941816,"remark":"","groupid":0,"tagid_list":[]}

[[[接口调用]]]
[1/26/2018 12:43:40 PM]
[线程：68]
    URL：https://api.weixin.qq.com/cgi-bin/user/info?access_token=6_sN6vg5zEf8tNGRkSfMT1Wp7ivbj9572b8upw-C099cQ7g1TmSsBnA4_ah-I0AOKkC0Zgx3AQh6qxgD7zSojhZIGDRuSD1THpebjz9pgyjjh7iBP6Jlon5ZF7HxWtwqfwWtNMvppaCKjAXSFtBZAhAJANLM&openid=oxRg0uEXhfAdiz_JKLBYlgW9MgEM&lang=zh_CN
    Result：
{"subscribe":1,"openid":"oxRg0uEXhfAdiz_JKLBYlgW9MgEM","nickname":"闪烁","sex":1,"language":"zh_CN","city":"","province":"","country":"朝鲜","headimgurl":"http:\/\/wx.qlogo.cn\/mmopen\/1o4vCG8RfXfvcyaUusQAgvK7O3F1CnuUrrIOgBQbfRLoXM73W9riarbM03anYxU40BBRPUP7sKmibj2ibFrhp0SWWJ5rCdH5YSN\/132","subscribe_time":1516941816,"remark":"","groupid":0,"tagid_list":[]}

[[[接口调用]]]
[1/26/2018 12:43:41 PM]
[线程：51]
    URL：https://api.weixin.qq.com/cgi-bin/message/custom/send?access_token=6_sN6vg5zEf8tNGRkSfMT1Wp7ivbj9572b8upw-C099cQ7g1TmSsBnA4_ah-I0AOKkC0Zgx3AQh6qxgD7zSojhZIGDRuSD1THpebjz9pgyjjh7iBP6Jlon5ZF7HxWtwqfwWtNMvppaCKjAXSFtBZAhAJANLM
    Post Data：
{"touser":"oxRg0uEXhfAdiz_JKLBYlgW9MgEM","msgtype":"text","text":{"content":"欢迎 【闪烁先生】 关注《微信公众号+小程序快速开发》课程！\r\n【盛派网络】\r\n\r\n - 这条消息来自客服接口-2"}}

[[[接口调用]]]
[1/26/2018 12:43:41 PM]
[线程：51]
    URL：https://api.weixin.qq.com/cgi-bin/message/custom/send?access_token=6_sN6vg5zEf8tNGRkSfMT1Wp7ivbj9572b8upw-C099cQ7g1TmSsBnA4_ah-I0AOKkC0Zgx3AQh6qxgD7zSojhZIGDRuSD1THpebjz9pgyjjh7iBP6Jlon5ZF7HxWtwqfwWtNMvppaCKjAXSFtBZAhAJANLM
    Result：
{"errcode":0,"errmsg":"ok"}

[[[接口调用]]]
[1/26/2018 12:43:41 PM]
[线程：51]
    URL：https://api.weixin.qq.com/cgi-bin/message/custom/send?access_token=6_sN6vg5zEf8tNGRkSfMT1Wp7ivbj9572b8upw-C099cQ7g1TmSsBnA4_ah-I0AOKkC0Zgx3AQh6qxgD7zSojhZIGDRuSD1THpebjz9pgyjjh7iBP6Jlon5ZF7HxWtwqfwWtNMvppaCKjAXSFtBZAhAJANLM
    Post Data：
{"touser":"oxRg0uEXhfAdiz_JKLBYlgW9MgEM","msgtype":"text","text":{"content":"欢迎 【闪烁先生】 关注《微信公众号+小程序快速开发》课程！\r\n【盛派网络】\r\n\r\n - 这条消息来自客服接口-2\r\n\r\n - 这条消息来自客服接口-1"}}

[[[接口调用]]]
[1/26/2018 12:43:41 PM]
[线程：51]
    URL：https://api.weixin.qq.com/cgi-bin/message/custom/send?access_token=6_sN6vg5zEf8tNGRkSfMT1Wp7ivbj9572b8upw-C099cQ7g1TmSsBnA4_ah-I0AOKkC0Zgx3AQh6qxgD7zSojhZIGDRuSD1THpebjz9pgyjjh7iBP6Jlon5ZF7HxWtwqfwWtNMvppaCKjAXSFtBZAhAJANLM
    Result：
{"errcode":0,"errmsg":"ok"}

[[[接口调用]]]
[1/26/2018 12:43:44 PM]
[线程：51]
    URL：https://api.weixin.qq.com/cgi-bin/message/custom/send?access_token=6_sN6vg5zEf8tNGRkSfMT1Wp7ivbj9572b8upw-C099cQ7g1TmSsBnA4_ah-I0AOKkC0Zgx3AQh6qxgD7zSojhZIGDRuSD1THpebjz9pgyjjh7iBP6Jlon5ZF7HxWtwqfwWtNMvppaCKjAXSFtBZAhAJANLM
    Post Data：
{"touser":"oxRg0uEXhfAdiz_JKLBYlgW9MgEM","msgtype":"text","text":{"content":"当前服务器时间：1/26/2018 12:43:39 PM\r\n【盛派网络】\r\n\r\n - 这条消息来自客服接口-2"}}

[[[接口调用]]]
[1/26/2018 12:43:45 PM]
[线程：51]
    URL：https://api.weixin.qq.com/cgi-bin/message/custom/send?access_token=6_sN6vg5zEf8tNGRkSfMT1Wp7ivbj9572b8upw-C099cQ7g1TmSsBnA4_ah-I0AOKkC0Zgx3AQh6qxgD7zSojhZIGDRuSD1THpebjz9pgyjjh7iBP6Jlon5ZF7HxWtwqfwWtNMvppaCKjAXSFtBZAhAJANLM
    Result：
{"errcode":0,"errmsg":"ok"}

[[[接口调用]]]
[1/26/2018 12:43:45 PM]
[线程：51]
    URL：https://api.weixin.qq.com/cgi-bin/message/custom/send?access_token=6_sN6vg5zEf8tNGRkSfMT1Wp7ivbj9572b8upw-C099cQ7g1TmSsBnA4_ah-I0AOKkC0Zgx3AQh6qxgD7zSojhZIGDRuSD1THpebjz9pgyjjh7iBP6Jlon5ZF7HxWtwqfwWtNMvppaCKjAXSFtBZAhAJANLM
    Post Data：
{"touser":"oxRg0uEXhfAdiz_JKLBYlgW9MgEM","msgtype":"text","text":{"content":"当前服务器时间：1/26/2018 12:43:39 PM\r\n【盛派网络】\r\n\r\n - 这条消息来自客服接口-2\r\n\r\n - 这条消息来自客服接口-1"}}

[[[接口调用]]]
[1/26/2018 12:43:45 PM]
[线程：51]
    URL：https://api.weixin.qq.com/cgi-bin/message/custom/send?access_token=6_sN6vg5zEf8tNGRkSfMT1Wp7ivbj9572b8upw-C099cQ7g1TmSsBnA4_ah-I0AOKkC0Zgx3AQh6qxgD7zSojhZIGDRuSD1THpebjz9pgyjjh7iBP6Jlon5ZF7HxWtwqfwWtNMvppaCKjAXSFtBZAhAJANLM
    Result：
{"errcode":0,"errmsg":"ok"}

[[[接口调用]]]
[1/26/2018 12:43:45 PM]
[线程：59]
    URL：https://api.weixin.qq.com/cgi-bin/user/info?access_token=6_sN6vg5zEf8tNGRkSfMT1Wp7ivbj9572b8upw-C099cQ7g1TmSsBnA4_ah-I0AOKkC0Zgx3AQh6qxgD7zSojhZIGDRuSD1THpebjz9pgyjjh7iBP6Jlon5ZF7HxWtwqfwWtNMvppaCKjAXSFtBZAhAJANLM&openid=oxRg0uEXhfAdiz_JKLBYlgW9MgEM&lang=zh_CN
    Result：
{"subscribe":1,"openid":"oxRg0uEXhfAdiz_JKLBYlgW9MgEM","nickname":"闪烁","sex":1,"language":"zh_CN","city":"","province":"","country":"朝鲜","headimgurl":"http:\/\/wx.qlogo.cn\/mmopen\/1o4vCG8RfXfvcyaUusQAgvK7O3F1CnuUrrIOgBQbfRLoXM73W9riarbM03anYxU40BBRPUP7sKmibj2ibFrhp0SWWJ5rCdH5YSN\/132","subscribe_time":1516941816,"remark":"","groupid":0,"tagid_list":[]}

[[[接口调用]]]
[1/26/2018 12:43:46 PM]
[线程：51]
    URL：https://api.weixin.qq.com/cgi-bin/message/custom/send?access_token=6_sN6vg5zEf8tNGRkSfMT1Wp7ivbj9572b8upw-C099cQ7g1TmSsBnA4_ah-I0AOKkC0Zgx3AQh6qxgD7zSojhZIGDRuSD1THpebjz9pgyjjh7iBP6Jlon5ZF7HxWtwqfwWtNMvppaCKjAXSFtBZAhAJANLM
    Post Data：
{"touser":"oxRg0uEXhfAdiz_JKLBYlgW9MgEM","msgtype":"text","text":{"content":"欢迎 【闪烁先生】 关注《微信公众号+小程序快速开发》课程！\r\n【盛派网络】\r\n\r\n - 这条消息来自客服接口-2"}}

[[[接口调用]]]
[1/26/2018 12:43:46 PM]
[线程：51]
    URL：https://api.weixin.qq.com/cgi-bin/message/custom/send?access_token=6_sN6vg5zEf8tNGRkSfMT1Wp7ivbj9572b8upw-C099cQ7g1TmSsBnA4_ah-I0AOKkC0Zgx3AQh6qxgD7zSojhZIGDRuSD1THpebjz9pgyjjh7iBP6Jlon5ZF7HxWtwqfwWtNMvppaCKjAXSFtBZAhAJANLM
    Result：
{"errcode":0,"errmsg":"ok"}

[[[接口调用]]]
[1/26/2018 12:43:46 PM]
[线程：51]
    URL：https://api.weixin.qq.com/cgi-bin/message/custom/send?access_token=6_sN6vg5zEf8tNGRkSfMT1Wp7ivbj9572b8upw-C099cQ7g1TmSsBnA4_ah-I0AOKkC0Zgx3AQh6qxgD7zSojhZIGDRuSD1THpebjz9pgyjjh7iBP6Jlon5ZF7HxWtwqfwWtNMvppaCKjAXSFtBZAhAJANLM
    Post Data：
{"touser":"oxRg0uEXhfAdiz_JKLBYlgW9MgEM","msgtype":"text","text":{"content":"欢迎 【闪烁先生】 关注《微信公众号+小程序快速开发》课程！\r\n【盛派网络】\r\n\r\n - 这条消息来自客服接口-2\r\n\r\n - 这条消息来自客服接口-1"}}

[[[接口调用]]]
[1/26/2018 12:43:46 PM]
[线程：51]
    URL：https://api.weixin.qq.com/cgi-bin/message/custom/send?access_token=6_sN6vg5zEf8tNGRkSfMT1Wp7ivbj9572b8upw-C099cQ7g1TmSsBnA4_ah-I0AOKkC0Zgx3AQh6qxgD7zSojhZIGDRuSD1THpebjz9pgyjjh7iBP6Jlon5ZF7HxWtwqfwWtNMvppaCKjAXSFtBZAhAJANLM
    Result：
{"errcode":0,"errmsg":"ok"}

[[[接口调用]]]
[1/26/2018 12:43:49 PM]
[线程：51]
    URL：https://api.weixin.qq.com/cgi-bin/message/custom/send?access_token=6_sN6vg5zEf8tNGRkSfMT1Wp7ivbj9572b8upw-C099cQ7g1TmSsBnA4_ah-I0AOKkC0Zgx3AQh6qxgD7zSojhZIGDRuSD1THpebjz9pgyjjh7iBP6Jlon5ZF7HxWtwqfwWtNMvppaCKjAXSFtBZAhAJANLM
    Post Data：
{"touser":"oxRg0uEXhfAdiz_JKLBYlgW9MgEM","msgtype":"text","text":{"content":"当前服务器时间：1/26/2018 12:43:43 PM\r\n【盛派网络】\r\n\r\n - 这条消息来自客服接口-2"}}

[[[接口调用]]]
[1/26/2018 12:43:49 PM]
[线程：51]
    URL：https://api.weixin.qq.com/cgi-bin/message/custom/send?access_token=6_sN6vg5zEf8tNGRkSfMT1Wp7ivbj9572b8upw-C099cQ7g1TmSsBnA4_ah-I0AOKkC0Zgx3AQh6qxgD7zSojhZIGDRuSD1THpebjz9pgyjjh7iBP6Jlon5ZF7HxWtwqfwWtNMvppaCKjAXSFtBZAhAJANLM
    Result：
{"errcode":0,"errmsg":"ok"}

[[[接口调用]]]
[1/26/2018 12:43:49 PM]
[线程：51]
    URL：https://api.weixin.qq.com/cgi-bin/message/custom/send?access_token=6_sN6vg5zEf8tNGRkSfMT1Wp7ivbj9572b8upw-C099cQ7g1TmSsBnA4_ah-I0AOKkC0Zgx3AQh6qxgD7zSojhZIGDRuSD1THpebjz9pgyjjh7iBP6Jlon5ZF7HxWtwqfwWtNMvppaCKjAXSFtBZAhAJANLM
    Post Data：
{"touser":"oxRg0uEXhfAdiz_JKLBYlgW9MgEM","msgtype":"text","text":{"content":"当前服务器时间：1/26/2018 12:43:43 PM\r\n【盛派网络】\r\n\r\n - 这条消息来自客服接口-2\r\n\r\n - 这条消息来自客服接口-1"}}

[[[接口调用]]]
[1/26/2018 12:43:49 PM]
[线程：51]
    URL：https://api.weixin.qq.com/cgi-bin/message/custom/send?access_token=6_sN6vg5zEf8tNGRkSfMT1Wp7ivbj9572b8upw-C099cQ7g1TmSsBnA4_ah-I0AOKkC0Zgx3AQh6qxgD7zSojhZIGDRuSD1THpebjz9pgyjjh7iBP6Jlon5ZF7HxWtwqfwWtNMvppaCKjAXSFtBZAhAJANLM
    Result：
{"errcode":0,"errmsg":"ok"}

[[[接口调用]]]
[1/26/2018 12:43:51 PM]
[线程：51]
    URL：https://api.weixin.qq.com/cgi-bin/message/custom/send?access_token=6_sN6vg5zEf8tNGRkSfMT1Wp7ivbj9572b8upw-C099cQ7g1TmSsBnA4_ah-I0AOKkC0Zgx3AQh6qxgD7zSojhZIGDRuSD1THpebjz9pgyjjh7iBP6Jlon5ZF7HxWtwqfwWtNMvppaCKjAXSFtBZAhAJANLM
    Post Data：
{"touser":"oxRg0uEXhfAdiz_JKLBYlgW9MgEM","msgtype":"text","text":{"content":"欢迎 【闪烁先生】 关注《微信公众号+小程序快速开发》课程！\r\n【盛派网络】\r\n\r\n - 这条消息来自客服接口-2"}}

[[[接口调用]]]
[1/26/2018 12:43:51 PM]
[线程：51]
    URL：https://api.weixin.qq.com/cgi-bin/message/custom/send?access_token=6_sN6vg5zEf8tNGRkSfMT1Wp7ivbj9572b8upw-C099cQ7g1TmSsBnA4_ah-I0AOKkC0Zgx3AQh6qxgD7zSojhZIGDRuSD1THpebjz9pgyjjh7iBP6Jlon5ZF7HxWtwqfwWtNMvppaCKjAXSFtBZAhAJANLM
    Result：
{"errcode":0,"errmsg":"ok"}

[[[接口调用]]]
[1/26/2018 12:43:51 PM]
[线程：51]
    URL：https://api.weixin.qq.com/cgi-bin/message/custom/send?access_token=6_sN6vg5zEf8tNGRkSfMT1Wp7ivbj9572b8upw-C099cQ7g1TmSsBnA4_ah-I0AOKkC0Zgx3AQh6qxgD7zSojhZIGDRuSD1THpebjz9pgyjjh7iBP6Jlon5ZF7HxWtwqfwWtNMvppaCKjAXSFtBZAhAJANLM
    Post Data：
{"touser":"oxRg0uEXhfAdiz_JKLBYlgW9MgEM","msgtype":"text","text":{"content":"欢迎 【闪烁先生】 关注《微信公众号+小程序快速开发》课程！\r\n【盛派网络】\r\n\r\n - 这条消息来自客服接口-2\r\n\r\n - 这条消息来自客服接口-1"}}

[[[接口调用]]]
[1/26/2018 12:43:51 PM]
[线程：51]
    URL：https://api.weixin.qq.com/cgi-bin/message/custom/send?access_token=6_sN6vg5zEf8tNGRkSfMT1Wp7ivbj9572b8upw-C099cQ7g1TmSsBnA4_ah-I0AOKkC0Zgx3AQh6qxgD7zSojhZIGDRuSD1THpebjz9pgyjjh7iBP6Jlon5ZF7HxWtwqfwWtNMvppaCKjAXSFtBZAhAJANLM
    Result：
{"errcode":0,"errmsg":"ok"}

[[[接口调用]]]
[1/26/2018 12:43:54 PM]
[线程：51]
    URL：https://api.weixin.qq.com/cgi-bin/message/custom/send?access_token=6_sN6vg5zEf8tNGRkSfMT1Wp7ivbj9572b8upw-C099cQ7g1TmSsBnA4_ah-I0AOKkC0Zgx3AQh6qxgD7zSojhZIGDRuSD1THpebjz9pgyjjh7iBP6Jlon5ZF7HxWtwqfwWtNMvppaCKjAXSFtBZAhAJANLM
    Post Data：
{"touser":"oxRg0uEXhfAdiz_JKLBYlgW9MgEM","msgtype":"text","text":{"content":"当前服务器时间：1/26/2018 12:43:48 PM\r\n【盛派网络】\r\n\r\n - 这条消息来自客服接口-2"}}

[[[接口调用]]]
[1/26/2018 12:43:54 PM]
[线程：51]
    URL：https://api.weixin.qq.com/cgi-bin/message/custom/send?access_token=6_sN6vg5zEf8tNGRkSfMT1Wp7ivbj9572b8upw-C099cQ7g1TmSsBnA4_ah-I0AOKkC0Zgx3AQh6qxgD7zSojhZIGDRuSD1THpebjz9pgyjjh7iBP6Jlon5ZF7HxWtwqfwWtNMvppaCKjAXSFtBZAhAJANLM
    Result：
{"errcode":0,"errmsg":"ok"}

[[[接口调用]]]
[1/26/2018 12:43:54 PM]
[线程：51]
    URL：https://api.weixin.qq.com/cgi-bin/message/custom/send?access_token=6_sN6vg5zEf8tNGRkSfMT1Wp7ivbj9572b8upw-C099cQ7g1TmSsBnA4_ah-I0AOKkC0Zgx3AQh6qxgD7zSojhZIGDRuSD1THpebjz9pgyjjh7iBP6Jlon5ZF7HxWtwqfwWtNMvppaCKjAXSFtBZAhAJANLM
    Post Data：
{"touser":"oxRg0uEXhfAdiz_JKLBYlgW9MgEM","msgtype":"text","text":{"content":"当前服务器时间：1/26/2018 12:43:48 PM\r\n【盛派网络】\r\n\r\n - 这条消息来自客服接口-2\r\n\r\n - 这条消息来自客服接口-1"}}

[[[接口调用]]]
[1/26/2018 12:43:54 PM]
[线程：51]
    URL：https://api.weixin.qq.com/cgi-bin/message/custom/send?access_token=6_sN6vg5zEf8tNGRkSfMT1Wp7ivbj9572b8upw-C099cQ7g1TmSsBnA4_ah-I0AOKkC0Zgx3AQh6qxgD7zSojhZIGDRuSD1THpebjz9pgyjjh7iBP6Jlon5ZF7HxWtwqfwWtNMvppaCKjAXSFtBZAhAJANLM
    Result：
{"errcode":0,"errmsg":"ok"}

[[[接口调用]]]
[1/26/2018 12:44:13 PM]
[线程：51]
    URL：https://api.weixin.qq.com/cgi-bin/message/custom/send?access_token=6_sN6vg5zEf8tNGRkSfMT1Wp7ivbj9572b8upw-C099cQ7g1TmSsBnA4_ah-I0AOKkC0Zgx3AQh6qxgD7zSojhZIGDRuSD1THpebjz9pgyjjh7iBP6Jlon5ZF7HxWtwqfwWtNMvppaCKjAXSFtBZAhAJANLM
    Post Data：
{"touser":"oxRg0uEXhfAdiz_JKLBYlgW9MgEM","msgtype":"text","text":{"content":"您点击了按钮：修改备注\r\n【盛派网络】\r\n\r\n - 这条消息来自客服接口-2"}}

[[[接口调用]]]
[1/26/2018 12:44:14 PM]
[线程：51]
    URL：https://api.weixin.qq.com/cgi-bin/message/custom/send?access_token=6_sN6vg5zEf8tNGRkSfMT1Wp7ivbj9572b8upw-C099cQ7g1TmSsBnA4_ah-I0AOKkC0Zgx3AQh6qxgD7zSojhZIGDRuSD1THpebjz9pgyjjh7iBP6Jlon5ZF7HxWtwqfwWtNMvppaCKjAXSFtBZAhAJANLM
    Result：
{"errcode":0,"errmsg":"ok"}

[[[接口调用]]]
[1/26/2018 12:44:14 PM]
[线程：51]
    URL：https://api.weixin.qq.com/cgi-bin/message/custom/send?access_token=6_sN6vg5zEf8tNGRkSfMT1Wp7ivbj9572b8upw-C099cQ7g1TmSsBnA4_ah-I0AOKkC0Zgx3AQh6qxgD7zSojhZIGDRuSD1THpebjz9pgyjjh7iBP6Jlon5ZF7HxWtwqfwWtNMvppaCKjAXSFtBZAhAJANLM
    Post Data：
{"touser":"oxRg0uEXhfAdiz_JKLBYlgW9MgEM","msgtype":"text","text":{"content":"您点击了按钮：修改备注\r\n【盛派网络】\r\n\r\n - 这条消息来自客服接口-2\r\n\r\n - 这条消息来自客服接口-1"}}

[[[接口调用]]]
[1/26/2018 12:44:14 PM]
[线程：51]
    URL：https://api.weixin.qq.com/cgi-bin/message/custom/send?access_token=6_sN6vg5zEf8tNGRkSfMT1Wp7ivbj9572b8upw-C099cQ7g1TmSsBnA4_ah-I0AOKkC0Zgx3AQh6qxgD7zSojhZIGDRuSD1THpebjz9pgyjjh7iBP6Jlon5ZF7HxWtwqfwWtNMvppaCKjAXSFtBZAhAJANLM
    Result：
{"errcode":0,"errmsg":"ok"}

[[[接口调用]]]
[1/26/2018 12:44:16 PM]
[线程：51]
    URL：https://api.weixin.qq.com/cgi-bin/message/custom/send?access_token=6_sN6vg5zEf8tNGRkSfMT1Wp7ivbj9572b8upw-C099cQ7g1TmSsBnA4_ah-I0AOKkC0Zgx3AQh6qxgD7zSojhZIGDRuSD1THpebjz9pgyjjh7iBP6Jlon5ZF7HxWtwqfwWtNMvppaCKjAXSFtBZAhAJANLM
    Post Data：
{"touser":"oxRg0uEXhfAdiz_JKLBYlgW9MgEM","msgtype":"text","text":{"content":"您点击了按钮：修改备注\r\n【盛派网络】\r\n\r\n - 这条消息来自客服接口-2"}}

[[[接口调用]]]
[1/26/2018 12:44:16 PM]
[线程：51]
    URL：https://api.weixin.qq.com/cgi-bin/message/custom/send?access_token=6_sN6vg5zEf8tNGRkSfMT1Wp7ivbj9572b8upw-C099cQ7g1TmSsBnA4_ah-I0AOKkC0Zgx3AQh6qxgD7zSojhZIGDRuSD1THpebjz9pgyjjh7iBP6Jlon5ZF7HxWtwqfwWtNMvppaCKjAXSFtBZAhAJANLM
    Result：
{"errcode":0,"errmsg":"ok"}

[[[接口调用]]]
[1/26/2018 12:44:16 PM]
[线程：51]
    URL：https://api.weixin.qq.com/cgi-bin/message/custom/send?access_token=6_sN6vg5zEf8tNGRkSfMT1Wp7ivbj9572b8upw-C099cQ7g1TmSsBnA4_ah-I0AOKkC0Zgx3AQh6qxgD7zSojhZIGDRuSD1THpebjz9pgyjjh7iBP6Jlon5ZF7HxWtwqfwWtNMvppaCKjAXSFtBZAhAJANLM
    Post Data：
{"touser":"oxRg0uEXhfAdiz_JKLBYlgW9MgEM","msgtype":"text","text":{"content":"您点击了按钮：修改备注\r\n【盛派网络】\r\n\r\n - 这条消息来自客服接口-2\r\n\r\n - 这条消息来自客服接口-1"}}

[[[接口调用]]]
[1/26/2018 12:44:16 PM]
[线程：51]
    URL：https://api.weixin.qq.com/cgi-bin/message/custom/send?access_token=6_sN6vg5zEf8tNGRkSfMT1Wp7ivbj9572b8upw-C099cQ7g1TmSsBnA4_ah-I0AOKkC0Zgx3AQh6qxgD7zSojhZIGDRuSD1THpebjz9pgyjjh7iBP6Jlon5ZF7HxWtwqfwWtNMvppaCKjAXSFtBZAhAJANLM
    Result：
{"errcode":0,"errmsg":"ok"}

[[[接口调用]]]
[1/26/2018 12:44:19 PM]
[线程：51]
    URL：https://api.weixin.qq.com/cgi-bin/message/custom/send?access_token=6_sN6vg5zEf8tNGRkSfMT1Wp7ivbj9572b8upw-C099cQ7g1TmSsBnA4_ah-I0AOKkC0Zgx3AQh6qxgD7zSojhZIGDRuSD1THpebjz9pgyjjh7iBP6Jlon5ZF7HxWtwqfwWtNMvppaCKjAXSFtBZAhAJANLM
    Post Data：
{"touser":"oxRg0uEXhfAdiz_JKLBYlgW9MgEM","msgtype":"text","text":{"content":"您点击了按钮：修改备注\r\n【盛派网络】\r\n\r\n - 这条消息来自客服接口-2"}}

[[[接口调用]]]
[1/26/2018 12:44:19 PM]
[线程：51]
    URL：https://api.weixin.qq.com/cgi-bin/message/custom/send?access_token=6_sN6vg5zEf8tNGRkSfMT1Wp7ivbj9572b8upw-C099cQ7g1TmSsBnA4_ah-I0AOKkC0Zgx3AQh6qxgD7zSojhZIGDRuSD1THpebjz9pgyjjh7iBP6Jlon5ZF7HxWtwqfwWtNMvppaCKjAXSFtBZAhAJANLM
    Result：
{"errcode":0,"errmsg":"ok"}

[[[接口调用]]]
[1/26/2018 12:44:19 PM]
[线程：51]
    URL：https://api.weixin.qq.com/cgi-bin/message/custom/send?access_token=6_sN6vg5zEf8tNGRkSfMT1Wp7ivbj9572b8upw-C099cQ7g1TmSsBnA4_ah-I0AOKkC0Zgx3AQh6qxgD7zSojhZIGDRuSD1THpebjz9pgyjjh7iBP6Jlon5ZF7HxWtwqfwWtNMvppaCKjAXSFtBZAhAJANLM
    Post Data：
{"touser":"oxRg0uEXhfAdiz_JKLBYlgW9MgEM","msgtype":"text","text":{"content":"您点击了按钮：修改备注\r\n【盛派网络】\r\n\r\n - 这条消息来自客服接口-2\r\n\r\n - 这条消息来自客服接口-1"}}

[[[接口调用]]]
[1/26/2018 12:44:19 PM]
[线程：51]
    URL：https://api.weixin.qq.com/cgi-bin/message/custom/send?access_token=6_sN6vg5zEf8tNGRkSfMT1Wp7ivbj9572b8upw-C099cQ7g1TmSsBnA4_ah-I0AOKkC0Zgx3AQh6qxgD7zSojhZIGDRuSD1THpebjz9pgyjjh7iBP6Jlon5ZF7HxWtwqfwWtNMvppaCKjAXSFtBZAhAJANLM
    Result：
{"errcode":0,"errmsg":"ok"}

[[[接口调用]]]
[1/26/2018 12:44:20 PM]
[线程：51]
    URL：https://api.weixin.qq.com/cgi-bin/message/custom/send?access_token=6_sN6vg5zEf8tNGRkSfMT1Wp7ivbj9572b8upw-C099cQ7g1TmSsBnA4_ah-I0AOKkC0Zgx3AQh6qxgD7zSojhZIGDRuSD1THpebjz9pgyjjh7iBP6Jlon5ZF7HxWtwqfwWtNMvppaCKjAXSFtBZAhAJANLM
    Post Data：
{"touser":"oxRg0uEXhfAdiz_JKLBYlgW9MgEM","msgtype":"text","text":{"content":"您点击了按钮：修改备注\r\n【盛派网络】\r\n\r\n - 这条消息来自客服接口-2"}}

[[[接口调用]]]
[1/26/2018 12:44:21 PM]
[线程：51]
    URL：https://api.weixin.qq.com/cgi-bin/message/custom/send?access_token=6_sN6vg5zEf8tNGRkSfMT1Wp7ivbj9572b8upw-C099cQ7g1TmSsBnA4_ah-I0AOKkC0Zgx3AQh6qxgD7zSojhZIGDRuSD1THpebjz9pgyjjh7iBP6Jlon5ZF7HxWtwqfwWtNMvppaCKjAXSFtBZAhAJANLM
    Result：
{"errcode":0,"errmsg":"ok"}

[[[接口调用]]]
[1/26/2018 12:44:21 PM]
[线程：51]
    URL：https://api.weixin.qq.com/cgi-bin/message/custom/send?access_token=6_sN6vg5zEf8tNGRkSfMT1Wp7ivbj9572b8upw-C099cQ7g1TmSsBnA4_ah-I0AOKkC0Zgx3AQh6qxgD7zSojhZIGDRuSD1THpebjz9pgyjjh7iBP6Jlon5ZF7HxWtwqfwWtNMvppaCKjAXSFtBZAhAJANLM
    Post Data：
{"touser":"oxRg0uEXhfAdiz_JKLBYlgW9MgEM","msgtype":"text","text":{"content":"您点击了按钮：修改备注\r\n【盛派网络】\r\n\r\n - 这条消息来自客服接口-2\r\n\r\n - 这条消息来自客服接口-1"}}

[[[接口调用]]]
[1/26/2018 12:44:21 PM]
[线程：51]
    URL：https://api.weixin.qq.com/cgi-bin/message/custom/send?access_token=6_sN6vg5zEf8tNGRkSfMT1Wp7ivbj9572b8upw-C099cQ7g1TmSsBnA4_ah-I0AOKkC0Zgx3AQh6qxgD7zSojhZIGDRuSD1THpebjz9pgyjjh7iBP6Jlon5ZF7HxWtwqfwWtNMvppaCKjAXSFtBZAhAJANLM
    Result：
{"errcode":0,"errmsg":"ok"}

[[[接口调用]]]
[1/26/2018 12:44:24 PM]
[线程：51]
    URL：https://api.weixin.qq.com/cgi-bin/message/custom/send?access_token=6_sN6vg5zEf8tNGRkSfMT1Wp7ivbj9572b8upw-C099cQ7g1TmSsBnA4_ah-I0AOKkC0Zgx3AQh6qxgD7zSojhZIGDRuSD1THpebjz9pgyjjh7iBP6Jlon5ZF7HxWtwqfwWtNMvppaCKjAXSFtBZAhAJANLM
    Post Data：
{"touser":"oxRg0uEXhfAdiz_JKLBYlgW9MgEM","msgtype":"text","text":{"content":"您点击了按钮：修改备注\r\n【盛派网络】\r\n\r\n - 这条消息来自客服接口-2"}}

[[[接口调用]]]
[1/26/2018 12:44:24 PM]
[线程：51]
    URL：https://api.weixin.qq.com/cgi-bin/message/custom/send?access_token=6_sN6vg5zEf8tNGRkSfMT1Wp7ivbj9572b8upw-C099cQ7g1TmSsBnA4_ah-I0AOKkC0Zgx3AQh6qxgD7zSojhZIGDRuSD1THpebjz9pgyjjh7iBP6Jlon5ZF7HxWtwqfwWtNMvppaCKjAXSFtBZAhAJANLM
    Result：
{"errcode":0,"errmsg":"ok"}

[[[接口调用]]]
[1/26/2018 12:44:24 PM]
[线程：51]
    URL：https://api.weixin.qq.com/cgi-bin/message/custom/send?access_token=6_sN6vg5zEf8tNGRkSfMT1Wp7ivbj9572b8upw-C099cQ7g1TmSsBnA4_ah-I0AOKkC0Zgx3AQh6qxgD7zSojhZIGDRuSD1THpebjz9pgyjjh7iBP6Jlon5ZF7HxWtwqfwWtNMvppaCKjAXSFtBZAhAJANLM
    Post Data：
{"touser":"oxRg0uEXhfAdiz_JKLBYlgW9MgEM","msgtype":"text","text":{"content":"您点击了按钮：修改备注\r\n【盛派网络】\r\n\r\n - 这条消息来自客服接口-2\r\n\r\n - 这条消息来自客服接口-1"}}

[[[接口调用]]]
[1/26/2018 12:44:24 PM]
[线程：51]
    URL：https://api.weixin.qq.com/cgi-bin/message/custom/send?access_token=6_sN6vg5zEf8tNGRkSfMT1Wp7ivbj9572b8upw-C099cQ7g1TmSsBnA4_ah-I0AOKkC0Zgx3AQh6qxgD7zSojhZIGDRuSD1THpebjz9pgyjjh7iBP6Jlon5ZF7HxWtwqfwWtNMvppaCKjAXSFtBZAhAJANLM
    Result：
{"errcode":0,"errmsg":"ok"}

[[[接口调用]]]
[1/26/2018 12:44:26 PM]
[线程：51]
    URL：https://api.weixin.qq.com/cgi-bin/message/custom/send?access_token=6_sN6vg5zEf8tNGRkSfMT1Wp7ivbj9572b8upw-C099cQ7g1TmSsBnA4_ah-I0AOKkC0Zgx3AQh6qxgD7zSojhZIGDRuSD1THpebjz9pgyjjh7iBP6Jlon5ZF7HxWtwqfwWtNMvppaCKjAXSFtBZAhAJANLM
    Post Data：
{"touser":"oxRg0uEXhfAdiz_JKLBYlgW9MgEM","msgtype":"text","text":{"content":"您点击了按钮：修改备注\r\n【盛派网络】\r\n\r\n - 这条消息来自客服接口-2"}}

[[[接口调用]]]
[1/26/2018 12:44:26 PM]
[线程：51]
    URL：https://api.weixin.qq.com/cgi-bin/message/custom/send?access_token=6_sN6vg5zEf8tNGRkSfMT1Wp7ivbj9572b8upw-C099cQ7g1TmSsBnA4_ah-I0AOKkC0Zgx3AQh6qxgD7zSojhZIGDRuSD1THpebjz9pgyjjh7iBP6Jlon5ZF7HxWtwqfwWtNMvppaCKjAXSFtBZAhAJANLM
    Result：
{"errcode":0,"errmsg":"ok"}

[[[接口调用]]]
[1/26/2018 12:44:26 PM]
[线程：51]
    URL：https://api.weixin.qq.com/cgi-bin/message/custom/send?access_token=6_sN6vg5zEf8tNGRkSfMT1Wp7ivbj9572b8upw-C099cQ7g1TmSsBnA4_ah-I0AOKkC0Zgx3AQh6qxgD7zSojhZIGDRuSD1THpebjz9pgyjjh7iBP6Jlon5ZF7HxWtwqfwWtNMvppaCKjAXSFtBZAhAJANLM
    Post Data：
{"touser":"oxRg0uEXhfAdiz_JKLBYlgW9MgEM","msgtype":"text","text":{"content":"您点击了按钮：修改备注\r\n【盛派网络】\r\n\r\n - 这条消息来自客服接口-2\r\n\r\n - 这条消息来自客服接口-1"}}

[[[接口调用]]]
[1/26/2018 12:44:26 PM]
[线程：51]
    URL：https://api.weixin.qq.com/cgi-bin/message/custom/send?access_token=6_sN6vg5zEf8tNGRkSfMT1Wp7ivbj9572b8upw-C099cQ7g1TmSsBnA4_ah-I0AOKkC0Zgx3AQh6qxgD7zSojhZIGDRuSD1THpebjz9pgyjjh7iBP6Jlon5ZF7HxWtwqfwWtNMvppaCKjAXSFtBZAhAJANLM
    Result：
{"errcode":0,"errmsg":"ok"}

[[[接口调用]]]
[1/26/2018 12:44:29 PM]
[线程：51]
    URL：https://api.weixin.qq.com/cgi-bin/message/custom/send?access_token=6_sN6vg5zEf8tNGRkSfMT1Wp7ivbj9572b8upw-C099cQ7g1TmSsBnA4_ah-I0AOKkC0Zgx3AQh6qxgD7zSojhZIGDRuSD1THpebjz9pgyjjh7iBP6Jlon5ZF7HxWtwqfwWtNMvppaCKjAXSFtBZAhAJANLM
    Post Data：
{"touser":"oxRg0uEXhfAdiz_JKLBYlgW9MgEM","msgtype":"text","text":{"content":"找不到Session数据\r\n【盛派网络】\r\n\r\n - 这条消息来自客服接口-2"}}

[[[接口调用]]]
[1/26/2018 12:44:30 PM]
[线程：51]
    URL：https://api.weixin.qq.com/cgi-bin/message/custom/send?access_token=6_sN6vg5zEf8tNGRkSfMT1Wp7ivbj9572b8upw-C099cQ7g1TmSsBnA4_ah-I0AOKkC0Zgx3AQh6qxgD7zSojhZIGDRuSD1THpebjz9pgyjjh7iBP6Jlon5ZF7HxWtwqfwWtNMvppaCKjAXSFtBZAhAJANLM
    Result：
{"errcode":0,"errmsg":"ok"}

[[[接口调用]]]
[1/26/2018 12:44:30 PM]
[线程：51]
    URL：https://api.weixin.qq.com/cgi-bin/message/custom/send?access_token=6_sN6vg5zEf8tNGRkSfMT1Wp7ivbj9572b8upw-C099cQ7g1TmSsBnA4_ah-I0AOKkC0Zgx3AQh6qxgD7zSojhZIGDRuSD1THpebjz9pgyjjh7iBP6Jlon5ZF7HxWtwqfwWtNMvppaCKjAXSFtBZAhAJANLM
    Post Data：
{"touser":"oxRg0uEXhfAdiz_JKLBYlgW9MgEM","msgtype":"text","text":{"content":"找不到Session数据\r\n【盛派网络】\r\n\r\n - 这条消息来自客服接口-2\r\n\r\n - 这条消息来自客服接口-1"}}

[[[接口调用]]]
[1/26/2018 12:44:30 PM]
[线程：51]
    URL：https://api.weixin.qq.com/cgi-bin/message/custom/send?access_token=6_sN6vg5zEf8tNGRkSfMT1Wp7ivbj9572b8upw-C099cQ7g1TmSsBnA4_ah-I0AOKkC0Zgx3AQh6qxgD7zSojhZIGDRuSD1THpebjz9pgyjjh7iBP6Jlon5ZF7HxWtwqfwWtNMvppaCKjAXSFtBZAhAJANLM
    Result：
{"errcode":0,"errmsg":"ok"}

[[[接口调用]]]
[1/26/2018 12:44:35 PM]
[线程：68]
    URL：https://api.weixin.qq.com/cgi-bin/message/custom/send?access_token=6_sN6vg5zEf8tNGRkSfMT1Wp7ivbj9572b8upw-C099cQ7g1TmSsBnA4_ah-I0AOKkC0Zgx3AQh6qxgD7zSojhZIGDRuSD1THpebjz9pgyjjh7iBP6Jlon5ZF7HxWtwqfwWtNMvppaCKjAXSFtBZAhAJANLM
    Post Data：
{"touser":"oxRg0uEXhfAdiz_JKLBYlgW9MgEM","msgtype":"text","text":{"content":"你马上要收到一条文字消息。<a href=\"https://weixin.senparc.com\">点击这里打开SDK官网</a>\r\n这里已经换了一行\r\n这里又换了一行"}}

[[[接口调用]]]
[1/26/2018 12:44:35 PM]
[线程：68]
    URL：https://api.weixin.qq.com/cgi-bin/message/custom/send?access_token=6_sN6vg5zEf8tNGRkSfMT1Wp7ivbj9572b8upw-C099cQ7g1TmSsBnA4_ah-I0AOKkC0Zgx3AQh6qxgD7zSojhZIGDRuSD1THpebjz9pgyjjh7iBP6Jlon5ZF7HxWtwqfwWtNMvppaCKjAXSFtBZAhAJANLM
    Result：
{"errcode":0,"errmsg":"ok"}

[[[接口调用]]]
[1/26/2018 12:44:37 PM]
[线程：51]
    URL：https://api.weixin.qq.com/cgi-bin/message/custom/send?access_token=6_sN6vg5zEf8tNGRkSfMT1Wp7ivbj9572b8upw-C099cQ7g1TmSsBnA4_ah-I0AOKkC0Zgx3AQh6qxgD7zSojhZIGDRuSD1THpebjz9pgyjjh7iBP6Jlon5ZF7HxWtwqfwWtNMvppaCKjAXSFtBZAhAJANLM
    Post Data：
{"touser":"oxRg0uEXhfAdiz_JKLBYlgW9MgEM","msgtype":"text","text":{"content":"找不到Session数据\r\n【盛派网络】\r\n\r\n - 这条消息来自客服接口-2"}}

[[[接口调用]]]
[1/26/2018 12:44:37 PM]
[线程：51]
    URL：https://api.weixin.qq.com/cgi-bin/message/custom/send?access_token=6_sN6vg5zEf8tNGRkSfMT1Wp7ivbj9572b8upw-C099cQ7g1TmSsBnA4_ah-I0AOKkC0Zgx3AQh6qxgD7zSojhZIGDRuSD1THpebjz9pgyjjh7iBP6Jlon5ZF7HxWtwqfwWtNMvppaCKjAXSFtBZAhAJANLM
    Result：
{"errcode":0,"errmsg":"ok"}

[[[接口调用]]]
[1/26/2018 12:44:37 PM]
[线程：51]
    URL：https://api.weixin.qq.com/cgi-bin/message/custom/send?access_token=6_sN6vg5zEf8tNGRkSfMT1Wp7ivbj9572b8upw-C099cQ7g1TmSsBnA4_ah-I0AOKkC0Zgx3AQh6qxgD7zSojhZIGDRuSD1THpebjz9pgyjjh7iBP6Jlon5ZF7HxWtwqfwWtNMvppaCKjAXSFtBZAhAJANLM
    Post Data：
{"touser":"oxRg0uEXhfAdiz_JKLBYlgW9MgEM","msgtype":"text","text":{"content":"找不到Session数据\r\n【盛派网络】\r\n\r\n - 这条消息来自客服接口-2\r\n\r\n - 这条消息来自客服接口-1"}}

[[[接口调用]]]
[1/26/2018 12:44:37 PM]
[线程：51]
    URL：https://api.weixin.qq.com/cgi-bin/message/custom/send?access_token=6_sN6vg5zEf8tNGRkSfMT1Wp7ivbj9572b8upw-C099cQ7g1TmSsBnA4_ah-I0AOKkC0Zgx3AQh6qxgD7zSojhZIGDRuSD1THpebjz9pgyjjh7iBP6Jlon5ZF7HxWtwqfwWtNMvppaCKjAXSFtBZAhAJANLM
    Result：
{"errcode":0,"errmsg":"ok"}

[[[接口调用]]]
[1/26/2018 12:44:40 PM]
[线程：66]
    URL：https://api.weixin.qq.com/cgi-bin/message/custom/send?access_token=6_sN6vg5zEf8tNGRkSfMT1Wp7ivbj9572b8upw-C099cQ7g1TmSsBnA4_ah-I0AOKkC0Zgx3AQh6qxgD7zSojhZIGDRuSD1THpebjz9pgyjjh7iBP6Jlon5ZF7HxWtwqfwWtNMvppaCKjAXSFtBZAhAJANLM
    Post Data：
{"touser":"oxRg0uEXhfAdiz_JKLBYlgW9MgEM","msgtype":"text","text":{"content":"你马上要收到一条文字消息。<a href=\"https://weixin.senparc.com\">点击这里打开SDK官网</a>\r\n这里已经换了一行\r\n这里又换了一行"}}

[[[接口调用]]]
[1/26/2018 12:44:40 PM]
[线程：66]
    URL：https://api.weixin.qq.com/cgi-bin/message/custom/send?access_token=6_sN6vg5zEf8tNGRkSfMT1Wp7ivbj9572b8upw-C099cQ7g1TmSsBnA4_ah-I0AOKkC0Zgx3AQh6qxgD7zSojhZIGDRuSD1THpebjz9pgyjjh7iBP6Jlon5ZF7HxWtwqfwWtNMvppaCKjAXSFtBZAhAJANLM
    Result：
{"errcode":0,"errmsg":"ok"}

[[[接口调用]]]
[1/26/2018 12:44:40 PM]
[线程：51]
    URL：https://api.weixin.qq.com/cgi-bin/message/custom/send?access_token=6_sN6vg5zEf8tNGRkSfMT1Wp7ivbj9572b8upw-C099cQ7g1TmSsBnA4_ah-I0AOKkC0Zgx3AQh6qxgD7zSojhZIGDRuSD1THpebjz9pgyjjh7iBP6Jlon5ZF7HxWtwqfwWtNMvppaCKjAXSFtBZAhAJANLM
    Post Data：
{"touser":"oxRg0uEXhfAdiz_JKLBYlgW9MgEM","msgtype":"text","text":{"content":"您在OnTextOrEventRequest消息中执行到了特定条件。当前关键字：123\r\n【盛派网络】\r\n\r\n - 这条消息来自客服接口-2"}}

[[[接口调用]]]
[1/26/2018 12:44:40 PM]
[线程：51]
    URL：https://api.weixin.qq.com/cgi-bin/message/custom/send?access_token=6_sN6vg5zEf8tNGRkSfMT1Wp7ivbj9572b8upw-C099cQ7g1TmSsBnA4_ah-I0AOKkC0Zgx3AQh6qxgD7zSojhZIGDRuSD1THpebjz9pgyjjh7iBP6Jlon5ZF7HxWtwqfwWtNMvppaCKjAXSFtBZAhAJANLM
    Result：
{"errcode":0,"errmsg":"ok"}

[[[接口调用]]]
[1/26/2018 12:44:40 PM]
[线程：51]
    URL：https://api.weixin.qq.com/cgi-bin/message/custom/send?access_token=6_sN6vg5zEf8tNGRkSfMT1Wp7ivbj9572b8upw-C099cQ7g1TmSsBnA4_ah-I0AOKkC0Zgx3AQh6qxgD7zSojhZIGDRuSD1THpebjz9pgyjjh7iBP6Jlon5ZF7HxWtwqfwWtNMvppaCKjAXSFtBZAhAJANLM
    Post Data：
{"touser":"oxRg0uEXhfAdiz_JKLBYlgW9MgEM","msgtype":"text","text":{"content":"您在OnTextOrEventRequest消息中执行到了特定条件。当前关键字：123\r\n【盛派网络】\r\n\r\n - 这条消息来自客服接口-2\r\n\r\n - 这条消息来自客服接口-1"}}

[[[接口调用]]]
[1/26/2018 12:44:40 PM]
[线程：51]
    URL：https://api.weixin.qq.com/cgi-bin/message/custom/send?access_token=6_sN6vg5zEf8tNGRkSfMT1Wp7ivbj9572b8upw-C099cQ7g1TmSsBnA4_ah-I0AOKkC0Zgx3AQh6qxgD7zSojhZIGDRuSD1THpebjz9pgyjjh7iBP6Jlon5ZF7HxWtwqfwWtNMvppaCKjAXSFtBZAhAJANLM
    Result：
{"errcode":0,"errmsg":"ok"}

[[[接口调用]]]
[1/26/2018 12:44:41 PM]
[线程：51]
    URL：https://api.weixin.qq.com/cgi-bin/message/custom/send?access_token=6_sN6vg5zEf8tNGRkSfMT1Wp7ivbj9572b8upw-C099cQ7g1TmSsBnA4_ah-I0AOKkC0Zgx3AQh6qxgD7zSojhZIGDRuSD1THpebjz9pgyjjh7iBP6Jlon5ZF7HxWtwqfwWtNMvppaCKjAXSFtBZAhAJANLM
    Post Data：
{"touser":"oxRg0uEXhfAdiz_JKLBYlgW9MgEM","msgtype":"text","text":{"content":"找不到Session数据\r\n【盛派网络】\r\n\r\n - 这条消息来自客服接口-2"}}

[[[接口调用]]]
[1/26/2018 12:44:42 PM]
[线程：51]
    URL：https://api.weixin.qq.com/cgi-bin/message/custom/send?access_token=6_sN6vg5zEf8tNGRkSfMT1Wp7ivbj9572b8upw-C099cQ7g1TmSsBnA4_ah-I0AOKkC0Zgx3AQh6qxgD7zSojhZIGDRuSD1THpebjz9pgyjjh7iBP6Jlon5ZF7HxWtwqfwWtNMvppaCKjAXSFtBZAhAJANLM
    Result：
{"errcode":0,"errmsg":"ok"}

[[[接口调用]]]
[1/26/2018 12:44:42 PM]
[线程：51]
    URL：https://api.weixin.qq.com/cgi-bin/message/custom/send?access_token=6_sN6vg5zEf8tNGRkSfMT1Wp7ivbj9572b8upw-C099cQ7g1TmSsBnA4_ah-I0AOKkC0Zgx3AQh6qxgD7zSojhZIGDRuSD1THpebjz9pgyjjh7iBP6Jlon5ZF7HxWtwqfwWtNMvppaCKjAXSFtBZAhAJANLM
    Post Data：
{"touser":"oxRg0uEXhfAdiz_JKLBYlgW9MgEM","msgtype":"text","text":{"content":"找不到Session数据\r\n【盛派网络】\r\n\r\n - 这条消息来自客服接口-2\r\n\r\n - 这条消息来自客服接口-1"}}

[[[接口调用]]]
[1/26/2018 12:44:42 PM]
[线程：51]
    URL：https://api.weixin.qq.com/cgi-bin/message/custom/send?access_token=6_sN6vg5zEf8tNGRkSfMT1Wp7ivbj9572b8upw-C099cQ7g1TmSsBnA4_ah-I0AOKkC0Zgx3AQh6qxgD7zSojhZIGDRuSD1THpebjz9pgyjjh7iBP6Jlon5ZF7HxWtwqfwWtNMvppaCKjAXSFtBZAhAJANLM
    Result：
{"errcode":0,"errmsg":"ok"}

[[[接口调用]]]
[1/26/2018 12:44:45 PM]
[线程：68]
    URL：https://api.weixin.qq.com/cgi-bin/message/custom/send?access_token=6_sN6vg5zEf8tNGRkSfMT1Wp7ivbj9572b8upw-C099cQ7g1TmSsBnA4_ah-I0AOKkC0Zgx3AQh6qxgD7zSojhZIGDRuSD1THpebjz9pgyjjh7iBP6Jlon5ZF7HxWtwqfwWtNMvppaCKjAXSFtBZAhAJANLM
    Post Data：
{"touser":"oxRg0uEXhfAdiz_JKLBYlgW9MgEM","msgtype":"text","text":{"content":"你马上要收到一条文字消息。<a href=\"https://weixin.senparc.com\">点击这里打开SDK官网</a>\r\n这里已经换了一行\r\n这里又换了一行"}}

[[[接口调用]]]
[1/26/2018 12:44:45 PM]
[线程：68]
    URL：https://api.weixin.qq.com/cgi-bin/message/custom/send?access_token=6_sN6vg5zEf8tNGRkSfMT1Wp7ivbj9572b8upw-C099cQ7g1TmSsBnA4_ah-I0AOKkC0Zgx3AQh6qxgD7zSojhZIGDRuSD1THpebjz9pgyjjh7iBP6Jlon5ZF7HxWtwqfwWtNMvppaCKjAXSFtBZAhAJANLM
    Result：
{"errcode":0,"errmsg":"ok"}

[[[接口调用]]]
[1/26/2018 12:44:46 PM]
[线程：51]
    URL：https://api.weixin.qq.com/cgi-bin/message/custom/send?access_token=6_sN6vg5zEf8tNGRkSfMT1Wp7ivbj9572b8upw-C099cQ7g1TmSsBnA4_ah-I0AOKkC0Zgx3AQh6qxgD7zSojhZIGDRuSD1THpebjz9pgyjjh7iBP6Jlon5ZF7HxWtwqfwWtNMvppaCKjAXSFtBZAhAJANLM
    Post Data：
{"touser":"oxRg0uEXhfAdiz_JKLBYlgW9MgEM","msgtype":"text","text":{"content":"您在OnTextOrEventRequest消息中执行到了特定条件。当前关键字：123\r\n【盛派网络】\r\n\r\n - 这条消息来自客服接口-2"}}

[[[接口调用]]]
[1/26/2018 12:44:46 PM]
[线程：51]
    URL：https://api.weixin.qq.com/cgi-bin/message/custom/send?access_token=6_sN6vg5zEf8tNGRkSfMT1Wp7ivbj9572b8upw-C099cQ7g1TmSsBnA4_ah-I0AOKkC0Zgx3AQh6qxgD7zSojhZIGDRuSD1THpebjz9pgyjjh7iBP6Jlon5ZF7HxWtwqfwWtNMvppaCKjAXSFtBZAhAJANLM
    Result：
{"errcode":0,"errmsg":"ok"}

[[[接口调用]]]
[1/26/2018 12:44:46 PM]
[线程：51]
    URL：https://api.weixin.qq.com/cgi-bin/message/custom/send?access_token=6_sN6vg5zEf8tNGRkSfMT1Wp7ivbj9572b8upw-C099cQ7g1TmSsBnA4_ah-I0AOKkC0Zgx3AQh6qxgD7zSojhZIGDRuSD1THpebjz9pgyjjh7iBP6Jlon5ZF7HxWtwqfwWtNMvppaCKjAXSFtBZAhAJANLM
    Post Data：
{"touser":"oxRg0uEXhfAdiz_JKLBYlgW9MgEM","msgtype":"text","text":{"content":"您在OnTextOrEventRequest消息中执行到了特定条件。当前关键字：123\r\n【盛派网络】\r\n\r\n - 这条消息来自客服接口-2\r\n\r\n - 这条消息来自客服接口-1"}}

[[[接口调用]]]
[1/26/2018 12:44:46 PM]
[线程：51]
    URL：https://api.weixin.qq.com/cgi-bin/message/custom/send?access_token=6_sN6vg5zEf8tNGRkSfMT1Wp7ivbj9572b8upw-C099cQ7g1TmSsBnA4_ah-I0AOKkC0Zgx3AQh6qxgD7zSojhZIGDRuSD1THpebjz9pgyjjh7iBP6Jlon5ZF7HxWtwqfwWtNMvppaCKjAXSFtBZAhAJANLM
    Result：
{"errcode":0,"errmsg":"ok"}

[[[接口调用]]]
[1/26/2018 12:44:47 PM]
[线程：51]
    URL：https://api.weixin.qq.com/cgi-bin/message/custom/send?access_token=6_sN6vg5zEf8tNGRkSfMT1Wp7ivbj9572b8upw-C099cQ7g1TmSsBnA4_ah-I0AOKkC0Zgx3AQh6qxgD7zSojhZIGDRuSD1THpebjz9pgyjjh7iBP6Jlon5ZF7HxWtwqfwWtNMvppaCKjAXSFtBZAhAJANLM
    Post Data：
{"touser":"oxRg0uEXhfAdiz_JKLBYlgW9MgEM","msgtype":"text","text":{"content":"找不到Session数据\r\n【盛派网络】\r\n\r\n - 这条消息来自客服接口-2"}}

[[[接口调用]]]
[1/26/2018 12:44:47 PM]
[线程：51]
    URL：https://api.weixin.qq.com/cgi-bin/message/custom/send?access_token=6_sN6vg5zEf8tNGRkSfMT1Wp7ivbj9572b8upw-C099cQ7g1TmSsBnA4_ah-I0AOKkC0Zgx3AQh6qxgD7zSojhZIGDRuSD1THpebjz9pgyjjh7iBP6Jlon5ZF7HxWtwqfwWtNMvppaCKjAXSFtBZAhAJANLM
    Result：
{"errcode":0,"errmsg":"ok"}

[[[接口调用]]]
[1/26/2018 12:44:47 PM]
[线程：51]
    URL：https://api.weixin.qq.com/cgi-bin/message/custom/send?access_token=6_sN6vg5zEf8tNGRkSfMT1Wp7ivbj9572b8upw-C099cQ7g1TmSsBnA4_ah-I0AOKkC0Zgx3AQh6qxgD7zSojhZIGDRuSD1THpebjz9pgyjjh7iBP6Jlon5ZF7HxWtwqfwWtNMvppaCKjAXSFtBZAhAJANLM
    Post Data：
{"touser":"oxRg0uEXhfAdiz_JKLBYlgW9MgEM","msgtype":"text","text":{"content":"找不到Session数据\r\n【盛派网络】\r\n\r\n - 这条消息来自客服接口-2\r\n\r\n - 这条消息来自客服接口-1"}}

[[[接口调用]]]
[1/26/2018 12:44:48 PM]
[线程：51]
    URL：https://api.weixin.qq.com/cgi-bin/message/custom/send?access_token=6_sN6vg5zEf8tNGRkSfMT1Wp7ivbj9572b8upw-C099cQ7g1TmSsBnA4_ah-I0AOKkC0Zgx3AQh6qxgD7zSojhZIGDRuSD1THpebjz9pgyjjh7iBP6Jlon5ZF7HxWtwqfwWtNMvppaCKjAXSFtBZAhAJANLM
    Result：
{"errcode":0,"errmsg":"ok"}

[[[接口调用]]]
[1/26/2018 12:44:51 PM]
[线程：51]
    URL：https://api.weixin.qq.com/cgi-bin/message/custom/send?access_token=6_sN6vg5zEf8tNGRkSfMT1Wp7ivbj9572b8upw-C099cQ7g1TmSsBnA4_ah-I0AOKkC0Zgx3AQh6qxgD7zSojhZIGDRuSD1THpebjz9pgyjjh7iBP6Jlon5ZF7HxWtwqfwWtNMvppaCKjAXSFtBZAhAJANLM
    Post Data：
{"touser":"oxRg0uEXhfAdiz_JKLBYlgW9MgEM","msgtype":"text","text":{"content":"您在OnTextOrEventRequest消息中执行到了特定条件。当前关键字：123\r\n【盛派网络】\r\n\r\n - 这条消息来自客服接口-2"}}

[[[接口调用]]]
[1/26/2018 12:44:51 PM]
[线程：51]
    URL：https://api.weixin.qq.com/cgi-bin/message/custom/send?access_token=6_sN6vg5zEf8tNGRkSfMT1Wp7ivbj9572b8upw-C099cQ7g1TmSsBnA4_ah-I0AOKkC0Zgx3AQh6qxgD7zSojhZIGDRuSD1THpebjz9pgyjjh7iBP6Jlon5ZF7HxWtwqfwWtNMvppaCKjAXSFtBZAhAJANLM
    Result：
{"errcode":0,"errmsg":"ok"}

[[[接口调用]]]
[1/26/2018 12:44:51 PM]
[线程：51]
    URL：https://api.weixin.qq.com/cgi-bin/message/custom/send?access_token=6_sN6vg5zEf8tNGRkSfMT1Wp7ivbj9572b8upw-C099cQ7g1TmSsBnA4_ah-I0AOKkC0Zgx3AQh6qxgD7zSojhZIGDRuSD1THpebjz9pgyjjh7iBP6Jlon5ZF7HxWtwqfwWtNMvppaCKjAXSFtBZAhAJANLM
    Post Data：
{"touser":"oxRg0uEXhfAdiz_JKLBYlgW9MgEM","msgtype":"text","text":{"content":"您在OnTextOrEventRequest消息中执行到了特定条件。当前关键字：123\r\n【盛派网络】\r\n\r\n - 这条消息来自客服接口-2\r\n\r\n - 这条消息来自客服接口-1"}}

[[[接口调用]]]
[1/26/2018 12:44:51 PM]
[线程：51]
    URL：https://api.weixin.qq.com/cgi-bin/message/custom/send?access_token=6_sN6vg5zEf8tNGRkSfMT1Wp7ivbj9572b8upw-C099cQ7g1TmSsBnA4_ah-I0AOKkC0Zgx3AQh6qxgD7zSojhZIGDRuSD1THpebjz9pgyjjh7iBP6Jlon5ZF7HxWtwqfwWtNMvppaCKjAXSFtBZAhAJANLM
    Result：
{"errcode":0,"errmsg":"ok"}
