
[[[接口调用]]]
[1/31/2018 6:27:53 PM]
[线程：9]
    URL：http://www.sojson.com/open/api/weather/json.shtml?city=苏州
    Result：
{"date":"20180131","message":"Success !","status":200,"city":"苏州","count":558,"data":{"shidu":"73%","pm25":205.0,"pm10":261.0,"quality":"重度污染","wendu":"-3","ganmao":"老年人及心脏、呼吸系统疾病患者人群应停留在室内，停止户外运动，一般人群减少户外运动","yesterday":{"date":"30日星期二","sunrise":"06:53","high":"高温 2.0℃","low":"低温 -3.0℃","sunset":"17:30","aqi":212.0,"fx":"西北风","fl":"<3级","type":"多云","notice":"阴晴之间，谨防紫外线侵扰"},"forecast":[{"date":"31日星期三","sunrise":"06:52","high":"高温 3.0℃","low":"低温 -3.0℃","sunset":"17:31","aqi":162.0,"fx":"西北风","fl":"3-4级","type":"阴","notice":"不要被阴云遮挡住好心情"},{"date":"01日星期四","sunrise":"06:51","high":"高温 5.0℃","low":"低温 -2.0℃","sunset":"17:32","aqi":177.0,"fx":"西北风","fl":"3-4级","type":"晴","notice":"愿你拥有比阳光明媚的心情"},{"date":"02日星期五","sunrise":"06:51","high":"高温 7.0℃","low":"低温 -3.0℃","sunset":"17:33","aqi":174.0,"fx":"西北风","fl":"3-4级","type":"多云","notice":"阴晴之间，谨防紫外线侵扰"},{"date":"03日星期六","sunrise":"06:50","high":"高温 1.0℃","low":"低温 -5.0℃","sunset":"17:34","aqi":78.0,"fx":"西北风","fl":"4-5级","type":"多云","notice":"阴晴之间，谨防紫外线侵扰"},{"date":"04日星期日","sunrise":"06:50","high":"高温 1.0℃","low":"低温 -6.0℃","sunset":"17:35","aqi":39.0,"fx":"西北风","fl":"4-5级","type":"晴","notice":"愿你拥有比阳光明媚的心情"}]}}

[[[接口调用]]]
[1/31/2018 6:35:11 PM]
[线程：18]
    URL：http://www.sojson.com/open/api/weather/json.shtml?city=苏州
    Result：
{"status":304,"message":"频繁调用(3s/次)，请申请，请联系QQ8446666。"}

[[[接口调用]]]
[1/31/2018 6:35:20 PM]
[线程：21]
    URL：http://www.sojson.com/open/api/weather/json.shtml?city=上海
    Result：
{"date":"20180131","message":"Success !","status":200,"city":"上海","count":663,"data":{"shidu":"80%","pm25":168.0,"pm10":218.0,"quality":"重度污染","wendu":"-3","ganmao":"老年人及心脏、呼吸系统疾病患者人群应停留在室内，停止户外运动，一般人群减少户外运动","yesterday":{"date":"30日星期二","sunrise":"06:49","high":"高温 4.0℃","low":"低温 -2.0℃","sunset":"17:27","aqi":232.0,"fx":"西北风","fl":"<3级","type":"多云","notice":"阴晴之间，谨防紫外线侵扰"},"forecast":[{"date":"31日星期三","sunrise":"06:48","high":"高温 3.0℃","low":"低温 -2.0℃","sunset":"17:28","aqi":127.0,"fx":"西北风","fl":"<3级","type":"阴","notice":"不要被阴云遮挡住好心情"},{"date":"01日星期四","sunrise":"06:48","high":"高温 6.0℃","low":"低温 -1.0℃","sunset":"17:28","aqi":84.0,"fx":"无持续风向","fl":"<3级","type":"多云","notice":"阴晴之间，谨防紫外线侵扰"},{"date":"02日星期五","sunrise":"06:47","high":"高温 6.0℃","low":"低温 -1.0℃","sunset":"17:29","aqi":108.0,"fx":"西北风","fl":"3-4级","type":"多云","notice":"阴晴之间，谨防紫外线侵扰"},{"date":"03日星期六","sunrise":"06:46","high":"高温 1.0℃","low":"低温 -3.0℃","sunset":"17:30","aqi":51.0,"fx":"西北风","fl":"4-5级","type":"多云","notice":"阴晴之间，谨防紫外线侵扰"},{"date":"04日星期日","sunrise":"06:46","high":"高温 1.0℃","low":"低温 -5.0℃","sunset":"17:31","aqi":36.0,"fx":"西北风","fl":"<3级","type":"晴","notice":"愿你拥有比阳光明媚的心情"}]}}

[[[接口调用]]]
[1/31/2018 6:35:37 PM]
[线程：18]
    URL：http://www.sojson.com/open/api/weather/json.shtml?city=苏州
    Result：
{"status":304,"message":"频繁调用(3s/次)，请申请，请联系QQ8446666。"}

[[[接口调用]]]
[1/31/2018 6:36:03 PM]
[线程：18]
    URL：http://www.sojson.com/open/api/weather/json.shtml?city=北京
    Result：
{"date":"20180131","message":"Success !","status":200,"city":"北京","count":626,"data":{"shidu":"21%","pm25":6.0,"pm10":52.0,"quality":"良","wendu":"0","ganmao":"极少数敏感人群应减少户外活动","yesterday":{"date":"30日星期二","sunrise":"07:26","high":"高温 5.0℃","low":"低温 -6.0℃","sunset":"17:30","aqi":32.0,"fx":"西北风","fl":"<3级","type":"晴","notice":"愿你拥有比阳光明媚的心情"},"forecast":[{"date":"31日星期三","sunrise":"07:25","high":"高温 3.0℃","low":"低温 -8.0℃","sunset":"17:31","aqi":45.0,"fx":"西南风","fl":"<3级","type":"晴","notice":"愿你拥有比阳光明媚的心情"},{"date":"01日星期四","sunrise":"07:24","high":"高温 4.0℃","low":"低温 -7.0℃","sunset":"17:32","aqi":60.0,"fx":"西北风","fl":"<3级","type":"多云","notice":"阴晴之间，谨防紫外线侵扰"},{"date":"02日星期五","sunrise":"07:23","high":"高温 -1.0℃","low":"低温 -10.0℃","sunset":"17:34","aqi":34.0,"fx":"西北风","fl":"3-4级","type":"晴","notice":"愿你拥有比阳光明媚的心情"},{"date":"03日星期六","sunrise":"07:23","high":"高温 -1.0℃","low":"低温 -10.0℃","sunset":"17:35","aqi":25.0,"fx":"西北风","fl":"<3级","type":"晴","notice":"愿你拥有比阳光明媚的心情"},{"date":"04日星期日","sunrise":"07:22","high":"高温 1.0℃","low":"低温 -9.0℃","sunset":"17:36","aqi":37.0,"fx":"西南风","fl":"<3级","type":"晴","notice":"愿你拥有比阳光明媚的心情"}]}}

[[[接口调用]]]
[1/31/2018 6:36:22 PM]
[线程：23]
    URL：http://www.sojson.com/open/api/weather/json.shtml?city=上海
    Result：
{"date":"20180131","message":"Success !","status":200,"city":"上海","count":832,"data":{"shidu":"80%","pm25":168.0,"pm10":218.0,"quality":"重度污染","wendu":"-3","ganmao":"老年人及心脏、呼吸系统疾病患者人群应停留在室内，停止户外运动，一般人群减少户外运动","yesterday":{"date":"30日星期二","sunrise":"06:49","high":"高温 4.0℃","low":"低温 -2.0℃","sunset":"17:27","aqi":232.0,"fx":"西北风","fl":"<3级","type":"多云","notice":"阴晴之间，谨防紫外线侵扰"},"forecast":[{"date":"31日星期三","sunrise":"06:48","high":"高温 3.0℃","low":"低温 -2.0℃","sunset":"17:28","aqi":127.0,"fx":"西北风","fl":"<3级","type":"阴","notice":"不要被阴云遮挡住好心情"},{"date":"01日星期四","sunrise":"06:48","high":"高温 6.0℃","low":"低温 -1.0℃","sunset":"17:28","aqi":84.0,"fx":"无持续风向","fl":"<3级","type":"多云","notice":"阴晴之间，谨防紫外线侵扰"},{"date":"02日星期五","sunrise":"06:47","high":"高温 6.0℃","low":"低温 -1.0℃","sunset":"17:29","aqi":108.0,"fx":"西北风","fl":"3-4级","type":"多云","notice":"阴晴之间，谨防紫外线侵扰"},{"date":"03日星期六","sunrise":"06:46","high":"高温 1.0℃","low":"低温 -3.0℃","sunset":"17:30","aqi":51.0,"fx":"西北风","fl":"4-5级","type":"多云","notice":"阴晴之间，谨防紫外线侵扰"},{"date":"04日星期日","sunrise":"06:46","high":"高温 1.0℃","low":"低温 -5.0℃","sunset":"17:31","aqi":36.0,"fx":"西北风","fl":"<3级","type":"晴","notice":"愿你拥有比阳光明媚的心情"}]}}

[[[接口调用]]]
[1/31/2018 6:36:56 PM]
[线程：18]
    URL：http://www.sojson.com/open/api/weather/json.shtml?city=苏州
    Result：
{"date":"20180131","message":"Success !","status":200,"city":"苏州","count":833,"data":{"shidu":"73%","pm25":205.0,"pm10":261.0,"quality":"重度污染","wendu":"-3","ganmao":"老年人及心脏、呼吸系统疾病患者人群应停留在室内，停止户外运动，一般人群减少户外运动","yesterday":{"date":"30日星期二","sunrise":"06:53","high":"高温 2.0℃","low":"低温 -3.0℃","sunset":"17:30","aqi":212.0,"fx":"西北风","fl":"<3级","type":"多云","notice":"阴晴之间，谨防紫外线侵扰"},"forecast":[{"date":"31日星期三","sunrise":"06:52","high":"高温 3.0℃","low":"低温 -3.0℃","sunset":"17:31","aqi":162.0,"fx":"西北风","fl":"3-4级","type":"阴","notice":"不要被阴云遮挡住好心情"},{"date":"01日星期四","sunrise":"06:51","high":"高温 5.0℃","low":"低温 -2.0℃","sunset":"17:32","aqi":177.0,"fx":"西北风","fl":"3-4级","type":"晴","notice":"愿你拥有比阳光明媚的心情"},{"date":"02日星期五","sunrise":"06:51","high":"高温 7.0℃","low":"低温 -3.0℃","sunset":"17:33","aqi":174.0,"fx":"西北风","fl":"3-4级","type":"多云","notice":"阴晴之间，谨防紫外线侵扰"},{"date":"03日星期六","sunrise":"06:50","high":"高温 1.0℃","low":"低温 -5.0℃","sunset":"17:34","aqi":78.0,"fx":"西北风","fl":"4-5级","type":"多云","notice":"阴晴之间，谨防紫外线侵扰"},{"date":"04日星期日","sunrise":"06:50","high":"高温 1.0℃","low":"低温 -6.0℃","sunset":"17:35","aqi":39.0,"fx":"西北风","fl":"4-5级","type":"晴","notice":"愿你拥有比阳光明媚的心情"}]}}
