
[[[接口调用]]]
[1/27/2018 11:03:16 PM]
[线程：7]
    URL：https://api.weixin.qq.com/cgi-bin/token?grant_type=client_credential&appid=AppIda02e09ff8c&secret=iwonttellyou
    Result：
{"access_token":"6_fPTwbll6Nr1PudgZFIYMB-eYTae9CAmuWMfDXQj6zrmSTfp9cUHkETCewH5cBI0oi37mV4q_V01DiIr965rjg_zPRWx_vzyiMn7cIMpdq-XXLW_QM2ksnWxnoh7pxgbOI0w9tV9eNR81PoCDALNdAIAQBD","expires_in":7200}

[[[接口调用]]]
[1/27/2018 11:03:16 PM]
[线程：7]
    URL：https://api.weixin.qq.com/cgi-bin/message/custom/send?access_token=6_fPTwbll6Nr1PudgZFIYMB-eYTae9CAmuWMfDXQj6zrmSTfp9cUHkETCewH5cBI0oi37mV4q_V01DiIr965rjg_zPRWx_vzyiMn7cIMpdq-XXLW_QM2ksnWxnoh7pxgbOI0w9tV9eNR81PoCDALNdAIAQBD
    Post Data：
{"touser":"oxRg0uLsnpHjb8o93uVnwMK_WAVw","msgtype":"text","text":{"content":"这是一条默认的文本请求回复信息\r\n您输入了文字：天气 苏州\r\n【盛派网络】\r\n\r\n - 这条消息来自客服接口-2"}}

[[[接口调用]]]
[1/27/2018 11:03:17 PM]
[线程：7]
    URL：https://api.weixin.qq.com/cgi-bin/message/custom/send?access_token=6_fPTwbll6Nr1PudgZFIYMB-eYTae9CAmuWMfDXQj6zrmSTfp9cUHkETCewH5cBI0oi37mV4q_V01DiIr965rjg_zPRWx_vzyiMn7cIMpdq-XXLW_QM2ksnWxnoh7pxgbOI0w9tV9eNR81PoCDALNdAIAQBD
    Result：
{"errcode":0,"errmsg":"ok"}

[[[接口调用]]]
[1/27/2018 11:03:17 PM]
[线程：7]
    URL：https://api.weixin.qq.com/cgi-bin/message/custom/send?access_token=6_fPTwbll6Nr1PudgZFIYMB-eYTae9CAmuWMfDXQj6zrmSTfp9cUHkETCewH5cBI0oi37mV4q_V01DiIr965rjg_zPRWx_vzyiMn7cIMpdq-XXLW_QM2ksnWxnoh7pxgbOI0w9tV9eNR81PoCDALNdAIAQBD
    Post Data：
{"touser":"oxRg0uLsnpHjb8o93uVnwMK_WAVw","msgtype":"text","text":{"content":"这是一条默认的文本请求回复信息\r\n您输入了文字：天气 苏州\r\n【盛派网络】\r\n\r\n - 这条消息来自客服接口-2\r\n\r\n - 这条消息来自客服接口-1"}}

[[[接口调用]]]
[1/27/2018 11:03:17 PM]
[线程：7]
    URL：https://api.weixin.qq.com/cgi-bin/message/custom/send?access_token=6_fPTwbll6Nr1PudgZFIYMB-eYTae9CAmuWMfDXQj6zrmSTfp9cUHkETCewH5cBI0oi37mV4q_V01DiIr965rjg_zPRWx_vzyiMn7cIMpdq-XXLW_QM2ksnWxnoh7pxgbOI0w9tV9eNR81PoCDALNdAIAQBD
    Result：
{"errcode":0,"errmsg":"ok"}

[[[接口调用]]]
[1/27/2018 11:07:49 PM]
[线程：7]
    URL：https://api.weixin.qq.com/cgi-bin/message/custom/send?access_token=6_fPTwbll6Nr1PudgZFIYMB-eYTae9CAmuWMfDXQj6zrmSTfp9cUHkETCewH5cBI0oi37mV4q_V01DiIr965rjg_zPRWx_vzyiMn7cIMpdq-XXLW_QM2ksnWxnoh7pxgbOI0w9tV9eNR81PoCDALNdAIAQBD
    Post Data：
{"touser":"oxRg0uLsnpHjb8o93uVnwMK_WAVw","msgtype":"text","text":{"content":"这是一条默认的文本请求回复信息\r\n您输入了文字：天气 苏州\r\n【盛派网络】\r\n\r\n - 这条消息来自客服接口-2"}}

[[[接口调用]]]
[1/27/2018 11:07:50 PM]
[线程：7]
    URL：https://api.weixin.qq.com/cgi-bin/message/custom/send?access_token=6_fPTwbll6Nr1PudgZFIYMB-eYTae9CAmuWMfDXQj6zrmSTfp9cUHkETCewH5cBI0oi37mV4q_V01DiIr965rjg_zPRWx_vzyiMn7cIMpdq-XXLW_QM2ksnWxnoh7pxgbOI0w9tV9eNR81PoCDALNdAIAQBD
    Result：
{"errcode":0,"errmsg":"ok"}

[[[接口调用]]]
[1/27/2018 11:07:50 PM]
[线程：7]
    URL：https://api.weixin.qq.com/cgi-bin/message/custom/send?access_token=6_fPTwbll6Nr1PudgZFIYMB-eYTae9CAmuWMfDXQj6zrmSTfp9cUHkETCewH5cBI0oi37mV4q_V01DiIr965rjg_zPRWx_vzyiMn7cIMpdq-XXLW_QM2ksnWxnoh7pxgbOI0w9tV9eNR81PoCDALNdAIAQBD
    Post Data：
{"touser":"oxRg0uLsnpHjb8o93uVnwMK_WAVw","msgtype":"text","text":{"content":"这是一条默认的文本请求回复信息\r\n您输入了文字：天气 苏州\r\n【盛派网络】\r\n\r\n - 这条消息来自客服接口-2\r\n\r\n - 这条消息来自客服接口-1"}}

[[[接口调用]]]
[1/27/2018 11:07:50 PM]
[线程：7]
    URL：https://api.weixin.qq.com/cgi-bin/message/custom/send?access_token=6_fPTwbll6Nr1PudgZFIYMB-eYTae9CAmuWMfDXQj6zrmSTfp9cUHkETCewH5cBI0oi37mV4q_V01DiIr965rjg_zPRWx_vzyiMn7cIMpdq-XXLW_QM2ksnWxnoh7pxgbOI0w9tV9eNR81PoCDALNdAIAQBD
    Result：
{"errcode":0,"errmsg":"ok"}

[[[接口调用]]]
[1/27/2018 11:11:44 PM]
[线程：23]
    URL：http://www.sojson.com/open/api/weather/json.shtml?city=
    Result：
{"status":400,"message":"Check the parameters."}

[[[接口调用]]]
[1/27/2018 11:14:34 PM]
[线程：16]
    URL：http://www.sojson.com/open/api/weather/json.shtml?city=
    Result：
{"status":400,"message":"Check the parameters."}

[[[接口调用]]]
[1/27/2018 11:18:04 PM]
[线程：28]
    URL：http://www.sojson.com/open/api/weather/json.shtml?city=
    Result：
{"status":400,"message":"Check the parameters."}

[[[接口调用]]]
[1/27/2018 11:18:43 PM]
[线程：26]
    URL：http://www.sojson.com/open/api/weather/json.shtml?city=
    Result：
{"status":400,"message":"Check the parameters."}

[[[接口调用]]]
[1/27/2018 11:18:56 PM]
[线程：28]
    URL：http://www.sojson.com/open/api/weather/json.shtml?city=
    Result：
{"status":400,"message":"Check the parameters."}

[[[接口调用]]]
[1/27/2018 11:20:10 PM]
[线程：30]
    URL：http://www.sojson.com/open/api/weather/json.shtml?city=
    Result：
{"status":400,"message":"Check the parameters."}

[[[接口调用]]]
[1/27/2018 11:21:31 PM]
[线程：28]
    URL：http://www.sojson.com/open/api/weather/json.shtml?city=
    Result：
{"status":400,"message":"Check the parameters."}

[[[接口调用]]]
[1/27/2018 11:23:02 PM]
[线程：16]
    URL：http://www.sojson.com/open/api/weather/json.shtml?city=
    Result：
{"status":400,"message":"Check the parameters."}

[[[接口调用]]]
[1/27/2018 11:44:06 PM]
[线程：51]
    URL：http://www.sojson.com/open/api/weather/json.shtml?city=苏州
    Result：
{"date":"20180127","message":"Success !","status":200,"city":"苏州","count":821,"data":{"shidu":"74%","pm25":14.0,"pm10":25.0,"quality":"优","wendu":"-2","ganmao":"各类人群可自由活动","yesterday":{"date":"26日星期五","sunrise":"06:54","high":"高温 1.0℃","low":"低温 -1.0℃","sunset":"17:26","aqi":32.0,"fx":"东北风","fl":"4-5级","type":"阴","notice":"不要被阴云遮挡住好心情"},"forecast":[{"date":"27日星期六","sunrise":"06:54","high":"高温 2.0℃","low":"低温 -1.0℃","sunset":"17:27","aqi":36.0,"fx":"东北风","fl":"4-5级","type":"中到大雪","notice":"大雪将至，注意天气变化哦"},{"date":"28日星期日","sunrise":"06:54","high":"高温 2.0℃","low":"低温 -2.0℃","sunset":"17:28","aqi":33.0,"fx":"北风","fl":"4-5级","type":"雨夹雪","notice":"道路湿滑，步行开车要谨慎"},{"date":"29日星期一","sunrise":"06:53","high":"高温 2.0℃","low":"低温 -5.0℃","sunset":"17:29","aqi":51.0,"fx":"西北风","fl":"3-4级","type":"多云","notice":"阴晴之间，谨防紫外线侵扰"},{"date":"30日星期二","sunrise":"06:53","high":"高温 3.0℃","low":"低温 -3.0℃","sunset":"17:30","aqi":78.0,"fx":"北风","fl":"3-4级","type":"多云","notice":"阴晴之间，谨防紫外线侵扰"},{"date":"31日星期三","sunrise":"06:52","high":"高温 2.0℃","low":"低温 -3.0℃","sunset":"17:31","aqi":104.0,"fx":"西北风","fl":"3-4级","type":"雨夹雪","notice":"道路湿滑，步行开车要谨慎"}]}}

[[[接口调用]]]
[1/27/2018 11:44:39 PM]
[线程：54]
    URL：http://www.sojson.com/open/api/weather/json.shtml?city=上海
    Result：
{"date":"20180127","message":"Success !","status":200,"city":"上海","count":1020,"data":{"shidu":"66%","pm25":10.0,"pm10":21.0,"quality":"优","wendu":"0","ganmao":"各类人群可自由活动","yesterday":{"date":"26日星期五","sunrise":"06:51","high":"高温 2.0℃","low":"低温 0.0℃","sunset":"17:23","aqi":35.0,"fx":"东北风","fl":"<3级","type":"阴","notice":"不要被阴云遮挡住好心情"},"forecast":[{"date":"27日星期六","sunrise":"06:50","high":"高温 4.0℃","low":"低温 0.0℃","sunset":"17:24","aqi":23.0,"fx":"东风","fl":"<3级","type":"小雨","notice":"雨虽小，注意保暖别感冒"},{"date":"28日星期日","sunrise":"06:50","high":"高温 5.0℃","low":"低温 1.0℃","sunset":"17:25","aqi":30.0,"fx":"无持续风向","fl":"<3级","type":"小雨","notice":"雨虽小，注意保暖别感冒"},{"date":"29日星期一","sunrise":"06:49","high":"高温 4.0℃","low":"低温 0.0℃","sunset":"17:26","aqi":34.0,"fx":"北风","fl":"<3级","type":"晴","notice":"愿你拥有比阳光明媚的心情"},{"date":"30日星期二","sunrise":"06:49","high":"高温 5.0℃","low":"低温 0.0℃","sunset":"17:27","aqi":58.0,"fx":"东北风","fl":"<3级","type":"多云","notice":"阴晴之间，谨防紫外线侵扰"},{"date":"31日星期三","sunrise":"06:48","high":"高温 4.0℃","low":"低温 -2.0℃","sunset":"17:28","aqi":76.0,"fx":"西北风","fl":"<3级","type":"晴","notice":"愿你拥有比阳光明媚的心情"}]}}

[[[接口调用]]]
[1/27/2018 11:44:51 PM]
[线程：54]
    URL：http://www.sojson.com/open/api/weather/json.shtml?city=北京
    Result：
{"date":"20180127","message":"Success !","status":200,"city":"北京","count":952,"data":{"shidu":"38%","pm25":67.0,"pm10":76.0,"quality":"良","wendu":"-9","ganmao":"极少数敏感人群应减少户外活动","yesterday":{"date":"26日星期五","sunrise":"07:29","high":"高温 -4.0℃","low":"低温 -10.0℃","sunset":"17:25","aqi":52.0,"fx":"南风","fl":"<3级","type":"晴","notice":"愿你拥有比阳光明媚的心情"},"forecast":[{"date":"27日星期六","sunrise":"07:28","high":"高温 -1.0℃","low":"低温 -8.0℃","sunset":"17:26","aqi":92.0,"fx":"南风","fl":"<3级","type":"多云","notice":"阴晴之间，谨防紫外线侵扰"},{"date":"28日星期日","sunrise":"07:28","high":"高温 0.0℃","low":"低温 -9.0℃","sunset":"17:28","aqi":41.0,"fx":"无持续风向","fl":"<3级","type":"晴","notice":"愿你拥有比阳光明媚的心情"},{"date":"29日星期一","sunrise":"07:27","high":"高温 1.0℃","low":"低温 -8.0℃","sunset":"17:29","aqi":41.0,"fx":"西南风","fl":"<3级","type":"晴","notice":"愿你拥有比阳光明媚的心情"},{"date":"30日星期二","sunrise":"07:26","high":"高温 4.0℃","low":"低温 -7.0℃","sunset":"17:30","aqi":50.0,"fx":"西南风","fl":"<3级","type":"多云","notice":"阴晴之间，谨防紫外线侵扰"},{"date":"31日星期三","sunrise":"07:25","high":"高温 4.0℃","low":"低温 -4.0℃","sunset":"17:31","aqi":59.0,"fx":"西北风","fl":"<3级","type":"多云","notice":"阴晴之间，谨防紫外线侵扰"}]}}
